INFO: Running with entropic power schedule (0xFF, 100).
INFO: Seed: 3234195779
INFO: Loaded 1 modules   (285456 inline 8-bit counters): 285456 [0x101432ce0, 0x1014787f0), 
INFO: Loaded 1 PC tables (285456 PCs): 285456 [0x1014787f0,0x1018d38f0), 
INFO:      353 files found in /Users/zaphar/projects/personal/ucg/fuzz/corpus/parse
INFO: seed corpus: files: 353 min: 10b max: 4967b total: 163476b rss: 57Mb
#354	INITED cov: 5578 ft: 31060 corp: 287/130Kb exec/s: 44 rss: 771Mb
#398	NEW    cov: 5578 ft: 31064 corp: 288/130Kb lim: 4096 exec/s: 49 rss: 771Mb L: 409/4096 MS: 4 ShuffleBytes-CrossOver-CrossOver-InsertRepeatedBytes-
#419	NEW    cov: 5578 ft: 31072 corp: 289/131Kb lim: 4096 exec/s: 46 rss: 771Mb L: 914/4096 MS: 1 CopyPart-
#512	pulse  cov: 5578 ft: 31072 corp: 289/131Kb lim: 4096 exec/s: 56 rss: 771Mb
#530	NEW    cov: 5578 ft: 31076 corp: 290/132Kb lim: 4096 exec/s: 58 rss: 771Mb L: 1088/4096 MS: 1 EraseBytes-
#550	REDUCE cov: 5578 ft: 31076 corp: 290/132Kb lim: 4096 exec/s: 61 rss: 771Mb L: 58/4096 MS: 5 ChangeBit-ChangeBit-ChangeASCIIInt-ChangeBit-EraseBytes-
#551	REDUCE cov: 5578 ft: 31076 corp: 290/132Kb lim: 4096 exec/s: 61 rss: 771Mb L: 92/4096 MS: 1 EraseBytes-
#615	REDUCE cov: 5578 ft: 31076 corp: 290/132Kb lim: 4096 exec/s: 68 rss: 771Mb L: 11/4096 MS: 4 ChangeBit-CrossOver-ChangeBinInt-EraseBytes-
#621	NEW    cov: 5579 ft: 31137 corp: 291/136Kb lim: 4096 exec/s: 69 rss: 775Mb L: 3805/4096 MS: 1 InsertRepeatedBytes-
#668	NEW    cov: 5579 ft: 31143 corp: 292/136Kb lim: 4096 exec/s: 74 rss: 781Mb L: 239/4096 MS: 2 InsertByte-ChangeBit-
#706	REDUCE cov: 5579 ft: 31143 corp: 292/136Kb lim: 4096 exec/s: 78 rss: 789Mb L: 68/4096 MS: 3 CopyPart-InsertRepeatedBytes-EraseBytes-
#717	NEW    cov: 5579 ft: 31154 corp: 293/138Kb lim: 4096 exec/s: 79 rss: 789Mb L: 1515/4096 MS: 1 CrossOver-
#718	NEW    cov: 5580 ft: 31155 corp: 294/138Kb lim: 4096 exec/s: 79 rss: 789Mb L: 289/4096 MS: 1 EraseBytes-
#721	REDUCE cov: 5581 ft: 31160 corp: 295/138Kb lim: 4096 exec/s: 80 rss: 789Mb L: 235/4096 MS: 3 ShuffleBytes-CopyPart-InsertRepeatedBytes-
#732	REDUCE cov: 5581 ft: 31160 corp: 295/138Kb lim: 4096 exec/s: 81 rss: 789Mb L: 9/4096 MS: 1 EraseBytes-
#754	NEW    cov: 5581 ft: 31161 corp: 296/138Kb lim: 4096 exec/s: 83 rss: 789Mb L: 68/4096 MS: 2 InsertByte-CMP- DE: "\377\377\377\377"-
#769	REDUCE cov: 5581 ft: 31161 corp: 296/138Kb lim: 4096 exec/s: 85 rss: 789Mb L: 90/4096 MS: 5 ChangeBinInt-PersAutoDict-ShuffleBytes-ChangeBinInt-EraseBytes- DE: "\377\377\377\377"-
#786	NEW    cov: 5581 ft: 31165 corp: 297/139Kb lim: 4096 exec/s: 87 rss: 789Mb L: 448/4096 MS: 2 InsertRepeatedBytes-ChangeByte-
#787	REDUCE cov: 5581 ft: 31165 corp: 297/139Kb lim: 4096 exec/s: 87 rss: 789Mb L: 111/4096 MS: 1 EraseBytes-
#793	NEW    cov: 5586 ft: 31209 corp: 298/139Kb lim: 4096 exec/s: 88 rss: 789Mb L: 243/4096 MS: 1 PersAutoDict- DE: "\377\377\377\377"-
#824	REDUCE cov: 5586 ft: 31209 corp: 298/139Kb lim: 4096 exec/s: 91 rss: 789Mb L: 236/4096 MS: 1 EraseBytes-
#856	NEW    cov: 5589 ft: 31218 corp: 299/139Kb lim: 4096 exec/s: 85 rss: 789Mb L: 149/4096 MS: 2 ShuffleBytes-EraseBytes-
#862	NEW    cov: 5589 ft: 31221 corp: 300/140Kb lim: 4096 exec/s: 86 rss: 789Mb L: 512/4096 MS: 1 CopyPart-
#873	REDUCE cov: 5589 ft: 31221 corp: 300/140Kb lim: 4096 exec/s: 87 rss: 789Mb L: 209/4096 MS: 1 EraseBytes-
#984	REDUCE cov: 5589 ft: 31221 corp: 300/140Kb lim: 4096 exec/s: 98 rss: 789Mb L: 130/4096 MS: 1 EraseBytes-
#995	NEW    cov: 5589 ft: 31229 corp: 301/140Kb lim: 4096 exec/s: 99 rss: 789Mb L: 921/4096 MS: 1 CopyPart-
#1024	pulse  cov: 5589 ft: 31229 corp: 301/140Kb lim: 4096 exec/s: 102 rss: 789Mb
#1053	NEW    cov: 5589 ft: 31230 corp: 302/141Kb lim: 4096 exec/s: 105 rss: 789Mb L: 372/4096 MS: 3 EraseBytes-EraseBytes-ChangeByte-
#1055	NEW    cov: 5589 ft: 31236 corp: 303/142Kb lim: 4096 exec/s: 105 rss: 789Mb L: 971/4096 MS: 2 ChangeByte-CopyPart-
#1078	NEW    cov: 5589 ft: 31244 corp: 304/143Kb lim: 4096 exec/s: 107 rss: 789Mb L: 1017/4096 MS: 3 ChangeBinInt-CopyPart-CopyPart-
#1121	REDUCE cov: 5589 ft: 31244 corp: 304/143Kb lim: 4096 exec/s: 112 rss: 789Mb L: 382/4096 MS: 3 ChangeBit-PersAutoDict-EraseBytes- DE: "\377\377\377\377"-
#1137	NEW    cov: 5589 ft: 31254 corp: 305/143Kb lim: 4096 exec/s: 113 rss: 789Mb L: 579/4096 MS: 1 CopyPart-
#1237	REDUCE cov: 5589 ft: 31254 corp: 305/143Kb lim: 4096 exec/s: 123 rss: 789Mb L: 131/4096 MS: 5 PersAutoDict-InsertByte-ShuffleBytes-ChangeASCIIInt-EraseBytes- DE: "\377\377\377\377"-
#1238	NEW    cov: 5590 ft: 31255 corp: 306/143Kb lim: 4096 exec/s: 123 rss: 789Mb L: 72/4096 MS: 1 EraseBytes-
#1246	NEW    cov: 5590 ft: 31259 corp: 307/144Kb lim: 4096 exec/s: 113 rss: 789Mb L: 532/4096 MS: 3 CrossOver-PersAutoDict-InsertRepeatedBytes- DE: "\377\377\377\377"-
#1265	NEW    cov: 5590 ft: 31264 corp: 308/146Kb lim: 4096 exec/s: 115 rss: 789Mb L: 1928/4096 MS: 4 ChangeBit-ChangeByte-InsertRepeatedBytes-CopyPart-
#1281	NEW    cov: 5590 ft: 31274 corp: 309/146Kb lim: 4096 exec/s: 116 rss: 789Mb L: 846/4096 MS: 1 CrossOver-
#1357	NEW    cov: 5590 ft: 31278 corp: 310/147Kb lim: 4096 exec/s: 123 rss: 789Mb L: 513/4096 MS: 1 InsertByte-
#1373	REDUCE cov: 5590 ft: 31278 corp: 310/147Kb lim: 4096 exec/s: 124 rss: 789Mb L: 348/4096 MS: 1 EraseBytes-
#1391	REDUCE cov: 5590 ft: 31278 corp: 310/147Kb lim: 4096 exec/s: 126 rss: 789Mb L: 87/4096 MS: 3 ShuffleBytes-InsertByte-EraseBytes-
#1398	NEW    cov: 5590 ft: 31279 corp: 311/148Kb lim: 4096 exec/s: 127 rss: 789Mb L: 795/4096 MS: 2 EraseBytes-CopyPart-
#1401	NEW    cov: 5590 ft: 31280 corp: 312/148Kb lim: 4096 exec/s: 127 rss: 789Mb L: 471/4096 MS: 3 ShuffleBytes-ShuffleBytes-ChangeBinInt-
#1408	REDUCE cov: 5590 ft: 31280 corp: 312/148Kb lim: 4096 exec/s: 128 rss: 789Mb L: 181/4096 MS: 2 ChangeByte-EraseBytes-
#1409	REDUCE cov: 5590 ft: 31280 corp: 312/148Kb lim: 4096 exec/s: 128 rss: 789Mb L: 476/4096 MS: 1 EraseBytes-
#1415	REDUCE cov: 5590 ft: 31280 corp: 312/148Kb lim: 4096 exec/s: 128 rss: 789Mb L: 18/4096 MS: 1 EraseBytes-
#1492	NEW    cov: 5590 ft: 31286 corp: 313/148Kb lim: 4096 exec/s: 135 rss: 789Mb L: 288/4096 MS: 2 InsertByte-ChangeByte-
#1493	NEW    cov: 5590 ft: 31288 corp: 314/149Kb lim: 4096 exec/s: 135 rss: 789Mb L: 561/4096 MS: 1 InsertRepeatedBytes-
#1499	REDUCE cov: 5590 ft: 31288 corp: 314/149Kb lim: 4096 exec/s: 136 rss: 789Mb L: 13/4096 MS: 1 EraseBytes-
#1500	NEW    cov: 5590 ft: 31295 corp: 315/149Kb lim: 4096 exec/s: 136 rss: 789Mb L: 537/4096 MS: 1 CopyPart-
#1568	REDUCE cov: 5590 ft: 31295 corp: 315/149Kb lim: 4096 exec/s: 142 rss: 789Mb L: 412/4096 MS: 1 EraseBytes-
#1584	NEW    cov: 5590 ft: 31317 corp: 316/150Kb lim: 4096 exec/s: 132 rss: 789Mb L: 930/4096 MS: 1 EraseBytes-
#1597	NEW    cov: 5590 ft: 31321 corp: 317/151Kb lim: 4096 exec/s: 133 rss: 789Mb L: 1140/4096 MS: 3 InsertRepeatedBytes-CrossOver-CopyPart-
#1635	NEW    cov: 5590 ft: 31336 corp: 318/153Kb lim: 4096 exec/s: 136 rss: 789Mb L: 2024/4096 MS: 3 ChangeBinInt-ShuffleBytes-PersAutoDict- DE: "\377\377\377\377"-
#1650	REDUCE cov: 5590 ft: 31336 corp: 318/153Kb lim: 4096 exec/s: 137 rss: 789Mb L: 313/4096 MS: 5 ShuffleBytes-EraseBytes-EraseBytes-PersAutoDict-CopyPart- DE: "\377\377\377\377"-
#1651	NEW    cov: 5590 ft: 31337 corp: 319/153Kb lim: 4096 exec/s: 137 rss: 789Mb L: 208/4096 MS: 1 ChangeByte-
#1703	NEW    cov: 5590 ft: 31345 corp: 320/154Kb lim: 4096 exec/s: 141 rss: 789Mb L: 337/4096 MS: 2 ChangeByte-InsertRepeatedBytes-
#1761	REDUCE cov: 5590 ft: 31345 corp: 320/154Kb lim: 4096 exec/s: 146 rss: 789Mb L: 73/4096 MS: 3 ChangeBit-ChangeBinInt-EraseBytes-
#1762	NEW    cov: 5590 ft: 31350 corp: 321/158Kb lim: 4096 exec/s: 146 rss: 789Mb L: 4096/4096 MS: 1 CMP- DE: "\370\377\377\377"-
#1764	REDUCE cov: 5590 ft: 31350 corp: 321/157Kb lim: 4096 exec/s: 147 rss: 789Mb L: 404/4096 MS: 2 ChangeByte-EraseBytes-
	NEW_FUNC[1/1]: 0x0001005c06d4 in _RNvXsa_NtCsiWOjVmVzRdR_5alloc3vecINtB5_3VecNtNtCsik9sk00ga5K_6ucglib3ast9StatementENtNtCsdpYB6zbYNO6_4core5clone5Clone5cloneBJ_+0x0 (parse:arm64+0x1005446d4)
#1788	NEW    cov: 5606 ft: 31434 corp: 322/160Kb lim: 4096 exec/s: 137 rss: 789Mb L: 3089/4096 MS: 2 ChangeBit-CrossOver-
#1860	NEW    cov: 5606 ft: 31436 corp: 323/161Kb lim: 4096 exec/s: 143 rss: 789Mb L: 71/4096 MS: 2 CopyPart-CopyPart-
#1936	REDUCE cov: 5606 ft: 31436 corp: 323/161Kb lim: 4096 exec/s: 148 rss: 789Mb L: 493/4096 MS: 1 EraseBytes-
#1947	NEW    cov: 5648 ft: 31517 corp: 324/164Kb lim: 4096 exec/s: 149 rss: 789Mb L: 3918/4096 MS: 1 EraseBytes-
#1959	NEW    cov: 5653 ft: 31528 corp: 325/165Kb lim: 4096 exec/s: 150 rss: 789Mb L: 408/4096 MS: 2 ChangeBit-PersAutoDict- DE: "\377\377\377\377"-
#1980	REDUCE cov: 5653 ft: 31528 corp: 325/165Kb lim: 4096 exec/s: 152 rss: 789Mb L: 496/4096 MS: 1 EraseBytes-
#1983	REDUCE cov: 5653 ft: 31528 corp: 325/165Kb lim: 4096 exec/s: 152 rss: 789Mb L: 424/4096 MS: 3 ChangeBinInt-ChangeBinInt-EraseBytes-
#1991	REDUCE cov: 5653 ft: 31528 corp: 325/165Kb lim: 4096 exec/s: 153 rss: 789Mb L: 25/4096 MS: 3 ShuffleBytes-InsertByte-EraseBytes-
#2013	REDUCE cov: 5653 ft: 31528 corp: 325/165Kb lim: 4096 exec/s: 154 rss: 789Mb L: 359/4096 MS: 2 ChangeByte-EraseBytes-
#2048	pulse  cov: 5653 ft: 31528 corp: 325/165Kb lim: 4096 exec/s: 157 rss: 789Mb
#2089	NEW    cov: 5653 ft: 31552 corp: 326/166Kb lim: 4096 exec/s: 149 rss: 789Mb L: 1191/4096 MS: 1 ChangeBit-
#2090	NEW    cov: 5654 ft: 31553 corp: 327/168Kb lim: 4096 exec/s: 149 rss: 789Mb L: 2024/4096 MS: 1 PersAutoDict- DE: "\377\377\377\377"-
#2117	NEW    cov: 5654 ft: 31554 corp: 328/168Kb lim: 4096 exec/s: 151 rss: 789Mb L: 614/4096 MS: 2 InsertByte-InsertRepeatedBytes-
#2142	REDUCE cov: 5654 ft: 31554 corp: 328/168Kb lim: 4096 exec/s: 153 rss: 789Mb L: 76/4096 MS: 5 PersAutoDict-InsertByte-ShuffleBytes-CrossOver-EraseBytes- DE: "\370\377\377\377"-
#2174	REDUCE cov: 5654 ft: 31554 corp: 328/168Kb lim: 4096 exec/s: 155 rss: 789Mb L: 214/4096 MS: 2 InsertByte-EraseBytes-
#2210	NEW    cov: 5657 ft: 31557 corp: 329/169Kb lim: 4096 exec/s: 157 rss: 789Mb L: 392/4096 MS: 1 CrossOver-
#2216	NEW    cov: 5660 ft: 31560 corp: 330/169Kb lim: 4096 exec/s: 158 rss: 789Mb L: 233/4096 MS: 1 CopyPart-
#2271	NEW    cov: 5661 ft: 31563 corp: 331/169Kb lim: 4096 exec/s: 162 rss: 789Mb L: 133/4096 MS: 5 PersAutoDict-PersAutoDict-ChangeByte-ChangeASCIIInt-PersAutoDict- DE: "\370\377\377\377"-"\377\377\377\377"-"\377\377\377\377"-
#2279	NEW    cov: 5662 ft: 31564 corp: 332/169Kb lim: 4096 exec/s: 162 rss: 789Mb L: 139/4096 MS: 3 CMP-ChangeBinInt-CrossOver- DE: "\377\377\377\377\377\377\377%"-
#2316	REDUCE cov: 5662 ft: 31564 corp: 332/169Kb lim: 4096 exec/s: 165 rss: 789Mb L: 524/4096 MS: 2 ChangeBinInt-EraseBytes-
#2363	REDUCE cov: 5662 ft: 31564 corp: 332/169Kb lim: 4096 exec/s: 168 rss: 789Mb L: 1639/4096 MS: 2 CopyPart-EraseBytes-
#2366	REDUCE cov: 5662 ft: 31574 corp: 333/169Kb lim: 4096 exec/s: 169 rss: 789Mb L: 419/4096 MS: 3 ChangeASCIIInt-EraseBytes-InsertRepeatedBytes-
#2395	NEW    cov: 5662 ft: 31576 corp: 334/170Kb lim: 4096 exec/s: 159 rss: 789Mb L: 1205/4096 MS: 4 ChangeByte-InsertByte-PersAutoDict-PersAutoDict- DE: "\377\377\377\377\377\377\377%"-"\377\377\377\377"-
#2417	REDUCE cov: 5662 ft: 31576 corp: 334/170Kb lim: 4096 exec/s: 161 rss: 789Mb L: 441/4096 MS: 2 ChangeByte-EraseBytes-
#2419	NEW    cov: 5664 ft: 31578 corp: 335/170Kb lim: 4096 exec/s: 161 rss: 789Mb L: 299/4096 MS: 2 InsertRepeatedBytes-InsertByte-
#2445	NEW    cov: 5664 ft: 31579 corp: 336/172Kb lim: 4096 exec/s: 163 rss: 789Mb L: 1794/4096 MS: 1 ChangeBinInt-
#2462	NEW    cov: 5664 ft: 31580 corp: 337/173Kb lim: 4096 exec/s: 164 rss: 789Mb L: 623/4096 MS: 2 ChangeBit-EraseBytes-
#2593	REDUCE cov: 5664 ft: 31580 corp: 337/173Kb lim: 4096 exec/s: 172 rss: 789Mb L: 30/4096 MS: 1 EraseBytes-
#2603	NEW    cov: 5664 ft: 31590 corp: 338/176Kb lim: 4096 exec/s: 173 rss: 789Mb L: 3216/4096 MS: 5 ShuffleBytes-CrossOver-ChangeBinInt-CMP-CrossOver- DE: "\000\000\000\000\000\000\000\000"-
#2688	REDUCE cov: 5664 ft: 31590 corp: 338/176Kb lim: 4096 exec/s: 179 rss: 789Mb L: 213/4096 MS: 5 ShuffleBytes-ShuffleBytes-PersAutoDict-CopyPart-EraseBytes- DE: "\377\377\377\377\377\377\377%"-
#2717	NEW    cov: 5665 ft: 31591 corp: 339/176Kb lim: 4096 exec/s: 181 rss: 789Mb L: 634/4096 MS: 4 ChangeBit-ChangeByte-CrossOver-EraseBytes-
#2723	REDUCE cov: 5665 ft: 31595 corp: 340/177Kb lim: 4096 exec/s: 181 rss: 789Mb L: 404/4096 MS: 1 ChangeBinInt-
#2729	REDUCE cov: 5665 ft: 31595 corp: 340/177Kb lim: 4096 exec/s: 181 rss: 789Mb L: 122/4096 MS: 1 EraseBytes-
#2733	NEW    cov: 5665 ft: 31598 corp: 341/177Kb lim: 4096 exec/s: 170 rss: 789Mb L: 376/4096 MS: 4 PersAutoDict-ChangeASCIIInt-ChangeBinInt-ChangeByte- DE: "\370\377\377\377"-
#2775	NEW    cov: 5665 ft: 31599 corp: 342/177Kb lim: 4096 exec/s: 173 rss: 789Mb L: 286/4096 MS: 2 ChangeByte-EraseBytes-
#2833	REDUCE cov: 5665 ft: 31599 corp: 342/177Kb lim: 4096 exec/s: 177 rss: 789Mb L: 397/4096 MS: 3 InsertByte-InsertByte-EraseBytes-
#2837	NEW    cov: 5665 ft: 31600 corp: 343/177Kb lim: 4096 exec/s: 177 rss: 789Mb L: 99/4096 MS: 4 CrossOver-CrossOver-ChangeBinInt-CopyPart-
#2993	NEW    cov: 5665 ft: 31605 corp: 344/178Kb lim: 4096 exec/s: 187 rss: 789Mb L: 533/4096 MS: 1 CopyPart-
#3069	REDUCE cov: 5665 ft: 31605 corp: 344/178Kb lim: 4096 exec/s: 191 rss: 789Mb L: 57/4096 MS: 1 EraseBytes-
#3080	NEW    cov: 5665 ft: 31623 corp: 345/178Kb lim: 4096 exec/s: 192 rss: 789Mb L: 181/4096 MS: 1 CrossOver-
#3105	NEW    cov: 5665 ft: 31625 corp: 346/179Kb lim: 4096 exec/s: 182 rss: 789Mb L: 501/4096 MS: 5 EraseBytes-CrossOver-ChangeByte-InsertRepeatedBytes-InsertRepeatedBytes-
#3141	REDUCE cov: 5665 ft: 31625 corp: 346/179Kb lim: 4096 exec/s: 184 rss: 789Mb L: 419/4096 MS: 1 EraseBytes-
#3153	NEW    cov: 5665 ft: 31633 corp: 347/179Kb lim: 4096 exec/s: 185 rss: 789Mb L: 512/4096 MS: 2 ChangeASCIIInt-CopyPart-
#3189	NEW    cov: 5665 ft: 31643 corp: 348/180Kb lim: 4096 exec/s: 187 rss: 789Mb L: 419/4096 MS: 1 EraseBytes-
#3205	NEW    cov: 5665 ft: 31644 corp: 349/180Kb lim: 4096 exec/s: 188 rss: 789Mb L: 512/4096 MS: 1 CopyPart-
#3217	REDUCE cov: 5665 ft: 31644 corp: 349/180Kb lim: 4096 exec/s: 189 rss: 789Mb L: 211/4096 MS: 2 ChangeBinInt-EraseBytes-
#3228	REDUCE cov: 5665 ft: 31644 corp: 349/180Kb lim: 4096 exec/s: 189 rss: 789Mb L: 1006/4096 MS: 1 EraseBytes-
#3229	NEW    cov: 5665 ft: 31657 corp: 350/184Kb lim: 4096 exec/s: 189 rss: 789Mb L: 4096/4096 MS: 1 CopyPart-
#3261	NEW    cov: 5666 ft: 31684 corp: 351/184Kb lim: 4096 exec/s: 191 rss: 789Mb L: 399/4096 MS: 2 ChangeByte-PersAutoDict- DE: "\377\377\377\377\377\377\377%"-
#3282	NEW    cov: 5666 ft: 31699 corp: 352/187Kb lim: 4096 exec/s: 156 rss: 789Mb L: 2459/4096 MS: 1 InsertByte-
#3284	NEW    cov: 5667 ft: 31700 corp: 353/187Kb lim: 4096 exec/s: 156 rss: 789Mb L: 244/4096 MS: 2 InsertByte-ChangeByte-
#3329	REDUCE cov: 5667 ft: 31700 corp: 353/187Kb lim: 4096 exec/s: 158 rss: 789Mb L: 523/4096 MS: 5 ChangeByte-InsertRepeatedBytes-CrossOver-ChangeASCIIInt-EraseBytes-
#3332	NEW    cov: 5667 ft: 31702 corp: 354/187Kb lim: 4096 exec/s: 158 rss: 789Mb L: 428/4096 MS: 3 ChangeBit-ChangeASCIIInt-ChangeBit-
#3345	NEW    cov: 5667 ft: 31710 corp: 355/189Kb lim: 4096 exec/s: 159 rss: 789Mb L: 1550/4096 MS: 3 CrossOver-InsertByte-CopyPart-
#3371	NEW    cov: 5671 ft: 31714 corp: 356/189Kb lim: 4096 exec/s: 153 rss: 789Mb L: 504/4096 MS: 1 PersAutoDict- DE: "\377\377\377\377"-
#3372	NEW    cov: 5672 ft: 31715 corp: 357/190Kb lim: 4096 exec/s: 153 rss: 789Mb L: 292/4096 MS: 1 InsertByte-
#3373	REDUCE cov: 5672 ft: 31715 corp: 357/189Kb lim: 4096 exec/s: 153 rss: 789Mb L: 253/4096 MS: 1 EraseBytes-
#3471	REDUCE cov: 5672 ft: 31715 corp: 357/189Kb lim: 4096 exec/s: 157 rss: 789Mb L: 119/4096 MS: 3 ChangeBinInt-InsertByte-EraseBytes-
#3486	REDUCE cov: 5674 ft: 31730 corp: 358/190Kb lim: 4096 exec/s: 158 rss: 789Mb L: 465/4096 MS: 5 ChangeBit-InsertByte-ChangeASCIIInt-InsertRepeatedBytes-EraseBytes-
#3493	REDUCE cov: 5674 ft: 31730 corp: 358/190Kb lim: 4096 exec/s: 158 rss: 789Mb L: 156/4096 MS: 2 InsertByte-EraseBytes-
#3534	NEW    cov: 5674 ft: 31743 corp: 359/190Kb lim: 4096 exec/s: 160 rss: 789Mb L: 657/4096 MS: 1 EraseBytes-
#3600	NEW    cov: 5675 ft: 31744 corp: 360/191Kb lim: 4096 exec/s: 163 rss: 789Mb L: 583/4096 MS: 1 PersAutoDict- DE: "\377\377\377\377"-
#3657	NEW    cov: 5675 ft: 31752 corp: 361/193Kb lim: 4096 exec/s: 166 rss: 789Mb L: 1640/4096 MS: 2 CrossOver-CrossOver-
#3681	NEW    cov: 5675 ft: 31763 corp: 362/196Kb lim: 4096 exec/s: 160 rss: 789Mb L: 3372/4096 MS: 4 ChangeASCIIInt-CopyPart-ShuffleBytes-EraseBytes-
#3692	REDUCE cov: 5675 ft: 31763 corp: 362/196Kb lim: 4096 exec/s: 160 rss: 789Mb L: 152/4096 MS: 1 EraseBytes-
#3699	NEW    cov: 5675 ft: 31764 corp: 363/196Kb lim: 4096 exec/s: 160 rss: 789Mb L: 565/4096 MS: 2 InsertByte-InsertRepeatedBytes-
#3706	REDUCE cov: 5675 ft: 31764 corp: 363/196Kb lim: 4096 exec/s: 161 rss: 789Mb L: 335/4096 MS: 2 ChangeASCIIInt-EraseBytes-
#3742	NEW    cov: 5675 ft: 31768 corp: 364/197Kb lim: 4096 exec/s: 162 rss: 789Mb L: 675/4096 MS: 1 CrossOver-
#3743	NEW    cov: 5675 ft: 31771 corp: 365/200Kb lim: 4096 exec/s: 162 rss: 789Mb L: 2751/4096 MS: 1 EraseBytes-
#3816	REDUCE cov: 5675 ft: 31771 corp: 365/200Kb lim: 4096 exec/s: 165 rss: 789Mb L: 384/4096 MS: 3 PersAutoDict-ChangeASCIIInt-EraseBytes- DE: "\377\377\377\377\377\377\377%"-
#3905	NEW    cov: 5675 ft: 31776 corp: 366/204Kb lim: 4096 exec/s: 156 rss: 789Mb L: 4052/4096 MS: 4 ChangeASCIIInt-ChangeASCIIInt-ShuffleBytes-PersAutoDict- DE: "\377\377\377\377"-
#3926	NEW    cov: 5683 ft: 31884 corp: 367/206Kb lim: 4096 exec/s: 157 rss: 789Mb L: 2677/4096 MS: 1 ShuffleBytes-
#3969	NEW    cov: 5683 ft: 31885 corp: 368/207Kb lim: 4096 exec/s: 158 rss: 789Mb L: 425/4096 MS: 3 ShuffleBytes-EraseBytes-InsertRepeatedBytes-
#3993	NEW    cov: 5683 ft: 31889 corp: 369/207Kb lim: 4096 exec/s: 159 rss: 789Mb L: 171/4096 MS: 4 ChangeBinInt-CrossOver-ChangeByte-EraseBytes-
#3994	REDUCE cov: 5683 ft: 31889 corp: 369/207Kb lim: 4096 exec/s: 159 rss: 789Mb L: 172/4096 MS: 1 EraseBytes-
#4016	NEW    cov: 5683 ft: 31891 corp: 370/208Kb lim: 4096 exec/s: 154 rss: 789Mb L: 1815/4096 MS: 2 ShuffleBytes-CrossOver-
#4032	NEW    cov: 5692 ft: 31906 corp: 371/209Kb lim: 4096 exec/s: 155 rss: 789Mb L: 536/4096 MS: 1 CrossOver-
#4081	NEW    cov: 5692 ft: 31910 corp: 372/209Kb lim: 4096 exec/s: 156 rss: 789Mb L: 208/4096 MS: 4 ChangeBit-CopyPart-CopyPart-InsertRepeatedBytes-
#4092	NEW    cov: 5692 ft: 31911 corp: 373/211Kb lim: 4096 exec/s: 157 rss: 789Mb L: 1499/4096 MS: 1 CrossOver-
#4096	pulse  cov: 5692 ft: 31911 corp: 373/211Kb lim: 4096 exec/s: 157 rss: 789Mb
#4103	REDUCE cov: 5692 ft: 31911 corp: 373/211Kb lim: 4096 exec/s: 157 rss: 789Mb L: 294/4096 MS: 1 EraseBytes-
#4146	NEW    cov: 5693 ft: 31913 corp: 374/211Kb lim: 4096 exec/s: 159 rss: 789Mb L: 817/4096 MS: 3 ChangeBinInt-ShuffleBytes-CrossOver-
#4149	NEW    cov: 5693 ft: 31943 corp: 375/212Kb lim: 4096 exec/s: 159 rss: 789Mb L: 313/4096 MS: 3 InsertRepeatedBytes-CMP-EraseBytes- DE: "\011\000"-
#4170	NEW    cov: 5693 ft: 31986 corp: 376/214Kb lim: 4096 exec/s: 160 rss: 789Mb L: 2677/4096 MS: 1 CopyPart-
#4206	REDUCE cov: 5693 ft: 31986 corp: 376/214Kb lim: 4096 exec/s: 155 rss: 789Mb L: 70/4096 MS: 1 EraseBytes-
#4228	NEW    cov: 5693 ft: 31990 corp: 377/216Kb lim: 4096 exec/s: 156 rss: 789Mb L: 1848/4096 MS: 2 ChangeASCIIInt-InsertRepeatedBytes-
#4236	NEW    cov: 5693 ft: 31994 corp: 378/218Kb lim: 4096 exec/s: 156 rss: 789Mb L: 1815/4096 MS: 3 ChangeASCIIInt-ChangeBit-ChangeBinInt-
#4247	NEW    cov: 5693 ft: 31999 corp: 379/219Kb lim: 4096 exec/s: 157 rss: 789Mb L: 1499/4096 MS: 1 ChangeBinInt-
#4322	NEW    cov: 5693 ft: 32003 corp: 380/220Kb lim: 4096 exec/s: 154 rss: 789Mb L: 658/4096 MS: 5 CopyPart-CMP-CopyPart-ShuffleBytes-CopyPart- DE: "\376\377\377\371"-
#4363	NEW    cov: 5693 ft: 32013 corp: 381/224Kb lim: 4096 exec/s: 155 rss: 789Mb L: 4096/4096 MS: 1 CrossOver-
#4378	NEW    cov: 5696 ft: 32016 corp: 382/225Kb lim: 4096 exec/s: 156 rss: 789Mb L: 618/4096 MS: 5 ChangeBinInt-CopyPart-CMP-EraseBytes-ShuffleBytes- DE: "\001\000\000\000"-
#4424	REDUCE cov: 5696 ft: 32016 corp: 382/224Kb lim: 4096 exec/s: 158 rss: 789Mb L: 275/4096 MS: 1 EraseBytes-
#4429	NEW    cov: 5696 ft: 32020 corp: 383/225Kb lim: 4096 exec/s: 158 rss: 789Mb L: 346/4096 MS: 5 ChangeBit-InsertByte-InsertByte-ChangeBit-ChangeByte-
#4445	REDUCE cov: 5696 ft: 32020 corp: 383/225Kb lim: 4096 exec/s: 158 rss: 789Mb L: 218/4096 MS: 1 EraseBytes-
#4503	REDUCE cov: 5696 ft: 32020 corp: 383/225Kb lim: 4096 exec/s: 160 rss: 789Mb L: 289/4096 MS: 3 ShuffleBytes-PersAutoDict-EraseBytes- DE: "\000\000\000\000\000\000\000\000"-
#4531	REDUCE cov: 5696 ft: 32020 corp: 383/225Kb lim: 4096 exec/s: 161 rss: 789Mb L: 283/4096 MS: 3 InsertByte-InsertByte-EraseBytes-
#4550	REDUCE cov: 5696 ft: 32020 corp: 383/224Kb lim: 4096 exec/s: 162 rss: 789Mb L: 1725/4096 MS: 4 InsertRepeatedBytes-CopyPart-ChangeBinInt-EraseBytes-
#4613	REDUCE cov: 5696 ft: 32023 corp: 384/225Kb lim: 4096 exec/s: 159 rss: 789Mb L: 893/4096 MS: 3 ShuffleBytes-CopyPart-CopyPart-
#4632	REDUCE cov: 5696 ft: 32026 corp: 385/226Kb lim: 4096 exec/s: 159 rss: 789Mb L: 387/4096 MS: 4 InsertRepeatedBytes-ChangeByte-CopyPart-CrossOver-
#4641	NEW    cov: 5696 ft: 32096 corp: 386/227Kb lim: 4096 exec/s: 160 rss: 789Mb L: 1632/4096 MS: 4 InsertRepeatedBytes-PersAutoDict-ChangeByte-EraseBytes- DE: "\377\377\377\377"-
#4682	REDUCE cov: 5696 ft: 32096 corp: 386/227Kb lim: 4096 exec/s: 161 rss: 789Mb L: 299/4096 MS: 1 EraseBytes-
#4703	REDUCE cov: 5696 ft: 32096 corp: 386/227Kb lim: 4096 exec/s: 162 rss: 789Mb L: 289/4096 MS: 1 EraseBytes-
#4724	NEW    cov: 5696 ft: 32105 corp: 387/228Kb lim: 4096 exec/s: 162 rss: 789Mb L: 840/4096 MS: 1 EraseBytes-
#4737	REDUCE cov: 5696 ft: 32105 corp: 387/228Kb lim: 4096 exec/s: 163 rss: 789Mb L: 148/4096 MS: 3 InsertByte-ShuffleBytes-EraseBytes-
#4814	NEW    cov: 5696 ft: 32106 corp: 388/228Kb lim: 4096 exec/s: 166 rss: 789Mb L: 452/4096 MS: 2 EraseBytes-InsertRepeatedBytes-
#4825	NEW    cov: 5701 ft: 32132 corp: 389/231Kb lim: 4096 exec/s: 166 rss: 789Mb L: 2458/4096 MS: 1 ChangeBinInt-
#4881	REDUCE cov: 5701 ft: 32132 corp: 389/231Kb lim: 4096 exec/s: 162 rss: 789Mb L: 186/4096 MS: 1 EraseBytes-
#4887	NEW    cov: 5701 ft: 32147 corp: 390/235Kb lim: 4096 exec/s: 162 rss: 789Mb L: 4059/4096 MS: 1 CrossOver-
#4908	REDUCE cov: 5701 ft: 32147 corp: 390/235Kb lim: 4096 exec/s: 163 rss: 789Mb L: 131/4096 MS: 1 EraseBytes-
#4914	REDUCE cov: 5701 ft: 32147 corp: 390/234Kb lim: 4096 exec/s: 163 rss: 789Mb L: 409/4096 MS: 1 EraseBytes-
#4935	NEW    cov: 5703 ft: 32181 corp: 391/237Kb lim: 4096 exec/s: 164 rss: 789Mb L: 2348/4096 MS: 1 EraseBytes-
#4962	NEW    cov: 5703 ft: 32182 corp: 392/237Kb lim: 4096 exec/s: 165 rss: 789Mb L: 629/4096 MS: 2 CopyPart-PersAutoDict- DE: "\001\000\000\000"-
#5019	NEW    cov: 5704 ft: 32185 corp: 393/238Kb lim: 4096 exec/s: 167 rss: 789Mb L: 513/4096 MS: 2 InsertByte-ChangeBinInt-
#5036	NEW    cov: 5704 ft: 32230 corp: 394/238Kb lim: 4096 exec/s: 167 rss: 789Mb L: 394/4096 MS: 2 ChangeBinInt-PersAutoDict- DE: "\377\377\377\377\377\377\377%"-
#5050	NEW    cov: 5704 ft: 32234 corp: 395/242Kb lim: 4096 exec/s: 162 rss: 789Mb L: 3609/4096 MS: 4 ChangeBinInt-EraseBytes-CopyPart-PersAutoDict- DE: "\370\377\377\377"-
#5057	REDUCE cov: 5704 ft: 32234 corp: 395/242Kb lim: 4096 exec/s: 163 rss: 789Mb L: 211/4096 MS: 2 ChangeASCIIInt-EraseBytes-
#5086	NEW    cov: 5705 ft: 32235 corp: 396/242Kb lim: 4096 exec/s: 164 rss: 789Mb L: 466/4096 MS: 4 EraseBytes-ChangeASCIIInt-ChangeBit-CopyPart-
#5087	REDUCE cov: 5705 ft: 32235 corp: 396/241Kb lim: 4096 exec/s: 164 rss: 789Mb L: 2552/4096 MS: 1 EraseBytes-
#5090	REDUCE cov: 5705 ft: 32235 corp: 396/241Kb lim: 4096 exec/s: 164 rss: 789Mb L: 261/4096 MS: 3 ShuffleBytes-InsertByte-EraseBytes-
#5095	REDUCE cov: 5705 ft: 32235 corp: 396/241Kb lim: 4096 exec/s: 164 rss: 789Mb L: 230/4096 MS: 5 ShuffleBytes-PersAutoDict-ChangeBit-ChangeBinInt-EraseBytes- DE: "\377\377\377\377\377\377\377%"-
#5109	REDUCE cov: 5705 ft: 32235 corp: 396/241Kb lim: 4096 exec/s: 164 rss: 789Mb L: 389/4096 MS: 4 InsertRepeatedBytes-PersAutoDict-ChangeBinInt-EraseBytes- DE: "\376\377\377\371"-
#5130	REDUCE cov: 5705 ft: 32235 corp: 396/241Kb lim: 4096 exec/s: 165 rss: 789Mb L: 442/4096 MS: 1 EraseBytes-
#5134	REDUCE cov: 5705 ft: 32235 corp: 396/241Kb lim: 4096 exec/s: 165 rss: 789Mb L: 308/4096 MS: 4 ChangeBit-InsertByte-ChangeByte-EraseBytes-
#5143	NEW    cov: 5705 ft: 32239 corp: 397/244Kb lim: 4096 exec/s: 165 rss: 789Mb L: 2934/4096 MS: 4 EraseBytes-CopyPart-ChangeBit-CopyPart-
#5149	REDUCE cov: 5705 ft: 32239 corp: 397/244Kb lim: 4096 exec/s: 166 rss: 789Mb L: 489/4096 MS: 1 EraseBytes-
#5153	REDUCE cov: 5705 ft: 32239 corp: 397/244Kb lim: 4096 exec/s: 166 rss: 789Mb L: 247/4096 MS: 4 PersAutoDict-ChangeBinInt-ChangeBinInt-EraseBytes- DE: "\370\377\377\377"-
#5170	REDUCE cov: 5705 ft: 32239 corp: 397/244Kb lim: 4096 exec/s: 166 rss: 789Mb L: 36/4096 MS: 2 ChangeBinInt-EraseBytes-
#5203	REDUCE cov: 5705 ft: 32239 corp: 397/244Kb lim: 4096 exec/s: 167 rss: 789Mb L: 556/4096 MS: 3 ChangeBit-ShuffleBytes-EraseBytes-
#5209	NEW    cov: 5705 ft: 32240 corp: 398/244Kb lim: 4096 exec/s: 168 rss: 789Mb L: 286/4096 MS: 1 ChangeBit-
#5221	REDUCE cov: 5705 ft: 32240 corp: 398/244Kb lim: 4096 exec/s: 168 rss: 789Mb L: 2587/4096 MS: 2 ChangeBit-EraseBytes-
#5224	REDUCE cov: 5705 ft: 32240 corp: 398/244Kb lim: 4096 exec/s: 163 rss: 789Mb L: 226/4096 MS: 3 PersAutoDict-CopyPart-EraseBytes- DE: "\377\377\377\377\377\377\377%"-
#5250	REDUCE cov: 5705 ft: 32240 corp: 398/244Kb lim: 4096 exec/s: 164 rss: 789Mb L: 103/4096 MS: 1 EraseBytes-
#5269	NEW    cov: 5705 ft: 32245 corp: 399/248Kb lim: 4096 exec/s: 164 rss: 789Mb L: 4096/4096 MS: 4 ChangeBit-CMP-ChangeBit-ChangeByte- DE: "\002\000\000\000"-
#5277	REDUCE cov: 5705 ft: 32245 corp: 399/247Kb lim: 4096 exec/s: 164 rss: 789Mb L: 193/4096 MS: 3 ChangeByte-ChangeBinInt-EraseBytes-
#5389	NEW    cov: 5705 ft: 32267 corp: 400/249Kb lim: 4096 exec/s: 138 rss: 789Mb L: 1311/4096 MS: 2 PersAutoDict-EraseBytes- DE: "\000\000\000\000\000\000\000\000"-
#5401	NEW    cov: 5705 ft: 32272 corp: 401/251Kb lim: 4096 exec/s: 103 rss: 789Mb L: 2458/4096 MS: 2 ShuffleBytes-ChangeByte-
#5408	NEW    cov: 5705 ft: 32309 corp: 402/253Kb lim: 4096 exec/s: 102 rss: 789Mb L: 1747/4096 MS: 2 ChangeBit-ShuffleBytes-
#5439	REDUCE cov: 5705 ft: 32309 corp: 402/253Kb lim: 4096 exec/s: 102 rss: 789Mb L: 278/4096 MS: 1 EraseBytes-
#5442	REDUCE cov: 5705 ft: 32309 corp: 402/253Kb lim: 4096 exec/s: 102 rss: 789Mb L: 701/4096 MS: 3 ChangeBit-InsertByte-EraseBytes-
#5496	NEW    cov: 5705 ft: 32319 corp: 403/256Kb lim: 4096 exec/s: 103 rss: 789Mb L: 3978/4096 MS: 4 EraseBytes-CopyPart-EraseBytes-PersAutoDict- DE: "\377\377\377\377\377\377\377%"-
#5518	REDUCE cov: 5705 ft: 32319 corp: 403/256Kb lim: 4096 exec/s: 104 rss: 789Mb L: 57/4096 MS: 2 ShuffleBytes-EraseBytes-
#5536	REDUCE cov: 5705 ft: 32319 corp: 403/256Kb lim: 4096 exec/s: 104 rss: 789Mb L: 355/4096 MS: 3 ChangeASCIIInt-ChangeBinInt-EraseBytes-
#5549	NEW    cov: 5705 ft: 32367 corp: 404/257Kb lim: 4096 exec/s: 104 rss: 789Mb L: 658/4096 MS: 3 InsertByte-CMP-CopyPart- DE: "\000\000\000\000\000\000\000\000"-
#5572	NEW    cov: 5705 ft: 32371 corp: 405/258Kb lim: 4096 exec/s: 105 rss: 789Mb L: 1431/4096 MS: 3 ChangeByte-CrossOver-InsertRepeatedBytes-
#5605	NEW    cov: 5705 ft: 32376 corp: 406/259Kb lim: 4096 exec/s: 103 rss: 789Mb L: 1026/4096 MS: 3 CrossOver-ChangeBit-InsertRepeatedBytes-
#5627	REDUCE cov: 5705 ft: 32376 corp: 406/259Kb lim: 4096 exec/s: 104 rss: 789Mb L: 417/4096 MS: 2 CrossOver-EraseBytes-
#5630	NEW    cov: 5705 ft: 32378 corp: 407/261Kb lim: 4096 exec/s: 104 rss: 789Mb L: 1854/4096 MS: 3 ChangeBinInt-ShuffleBytes-InsertRepeatedBytes-
#5646	REDUCE cov: 5705 ft: 32378 corp: 407/261Kb lim: 4096 exec/s: 104 rss: 789Mb L: 34/4096 MS: 1 EraseBytes-
#5648	NEW    cov: 5705 ft: 32382 corp: 408/264Kb lim: 4096 exec/s: 104 rss: 789Mb L: 3135/4096 MS: 2 ChangeASCIIInt-CrossOver-
#5649	NEW    cov: 5707 ft: 32384 corp: 409/265Kb lim: 4096 exec/s: 104 rss: 789Mb L: 332/4096 MS: 1 EraseBytes-
#5665	NEW    cov: 5707 ft: 32387 corp: 410/265Kb lim: 4096 exec/s: 104 rss: 789Mb L: 512/4096 MS: 1 ShuffleBytes-
#5692	REDUCE cov: 5707 ft: 32387 corp: 410/265Kb lim: 4096 exec/s: 105 rss: 789Mb L: 97/4096 MS: 2 CMP-EraseBytes- DE: "\001\000\000\000"-
#5829	REDUCE cov: 5707 ft: 32387 corp: 410/265Kb lim: 4096 exec/s: 105 rss: 789Mb L: 208/4096 MS: 2 EraseBytes-PersAutoDict- DE: "\376\377\377\371"-
#5898	NEW    cov: 5708 ft: 32394 corp: 411/267Kb lim: 4096 exec/s: 105 rss: 789Mb L: 2462/4096 MS: 4 CMP-CMP-ChangeBit-ChangeByte- DE: "&\000\000\000\000\000\000\000"-"\377\377\377\376"-
#5907	NEW    cov: 5708 ft: 32398 corp: 412/268Kb lim: 4096 exec/s: 105 rss: 789Mb L: 517/4096 MS: 4 ShuffleBytes-ChangeASCIIInt-PersAutoDict-InsertByte- DE: "\001\000\000\000"-
#6067	REDUCE cov: 5708 ft: 32398 corp: 412/268Kb lim: 4096 exec/s: 106 rss: 789Mb L: 142/4096 MS: 5 PersAutoDict-CMP-ChangeBinInt-ShuffleBytes-EraseBytes- DE: "\000\000\000\000\000\000\000\000"-"\025\000\000\000\000\000\000\000"-
#6111	REDUCE cov: 5708 ft: 32398 corp: 412/268Kb lim: 4096 exec/s: 107 rss: 789Mb L: 348/4096 MS: 4 ShuffleBytes-ChangeBit-ChangeASCIIInt-EraseBytes-
#6197	REDUCE cov: 5708 ft: 32398 corp: 412/268Kb lim: 4096 exec/s: 108 rss: 789Mb L: 57/4096 MS: 1 EraseBytes-
#6261	REDUCE cov: 5708 ft: 32398 corp: 412/268Kb lim: 4096 exec/s: 107 rss: 789Mb L: 451/4096 MS: 4 InsertRepeatedBytes-ChangeByte-ChangeBinInt-EraseBytes-
#6282	NEW    cov: 5708 ft: 32402 corp: 413/269Kb lim: 4096 exec/s: 108 rss: 789Mb L: 1843/4096 MS: 1 EraseBytes-
#6299	REDUCE cov: 5708 ft: 32408 corp: 414/272Kb lim: 4096 exec/s: 108 rss: 789Mb L: 2588/4096 MS: 2 CopyPart-InsertByte-
#6315	REDUCE cov: 5708 ft: 32408 corp: 414/272Kb lim: 4096 exec/s: 108 rss: 789Mb L: 244/4096 MS: 1 EraseBytes-
#6316	REDUCE cov: 5708 ft: 32408 corp: 414/272Kb lim: 4096 exec/s: 108 rss: 789Mb L: 1508/4096 MS: 1 CrossOver-
#6368	NEW    cov: 5708 ft: 32412 corp: 415/272Kb lim: 4096 exec/s: 109 rss: 789Mb L: 527/4096 MS: 2 PersAutoDict-InsertRepeatedBytes- DE: "\377\377\377\377\377\377\377%"-
#6415	REDUCE cov: 5708 ft: 32416 corp: 416/272Kb lim: 4096 exec/s: 108 rss: 789Mb L: 69/4096 MS: 2 ChangeBinInt-InsertRepeatedBytes-
#6491	NEW    cov: 5708 ft: 32419 corp: 417/275Kb lim: 4096 exec/s: 103 rss: 789Mb L: 2462/4096 MS: 1 PersAutoDict- DE: "\370\377\377\377"-
#6513	NEW    cov: 5708 ft: 32424 corp: 418/276Kb lim: 4096 exec/s: 103 rss: 789Mb L: 1082/4096 MS: 2 InsertRepeatedBytes-CrossOver-
#6601	NEW    cov: 5710 ft: 32429 corp: 419/276Kb lim: 4096 exec/s: 103 rss: 789Mb L: 395/4096 MS: 3 ChangeASCIIInt-ChangeASCIIInt-ChangeBit-
#6618	REDUCE cov: 5710 ft: 32429 corp: 419/276Kb lim: 4096 exec/s: 103 rss: 789Mb L: 164/4096 MS: 2 ShuffleBytes-EraseBytes-
#6626	NEW    cov: 5710 ft: 32430 corp: 420/277Kb lim: 4096 exec/s: 103 rss: 789Mb L: 956/4096 MS: 3 ChangeBinInt-CrossOver-EraseBytes-
#6635	REDUCE cov: 5710 ft: 32438 corp: 421/278Kb lim: 4096 exec/s: 103 rss: 789Mb L: 522/4096 MS: 4 InsertRepeatedBytes-ChangeBit-InsertByte-PersAutoDict- DE: "\377\377\377\377\377\377\377%"-
#6651	REDUCE cov: 5710 ft: 32438 corp: 421/278Kb lim: 4096 exec/s: 103 rss: 789Mb L: 190/4096 MS: 1 EraseBytes-
#6672	NEW    cov: 5710 ft: 32446 corp: 422/279Kb lim: 4096 exec/s: 104 rss: 789Mb L: 1535/4096 MS: 1 InsertRepeatedBytes-
#6682	REDUCE cov: 5710 ft: 32446 corp: 422/279Kb lim: 4096 exec/s: 104 rss: 789Mb L: 363/4096 MS: 5 InsertByte-ShuffleBytes-ChangeBit-CMP-EraseBytes- DE: "\377\002"-
#6690	REDUCE cov: 5710 ft: 32446 corp: 422/279Kb lim: 4096 exec/s: 104 rss: 789Mb L: 135/4096 MS: 3 ShuffleBytes-InsertByte-EraseBytes-
#6856	REDUCE cov: 5710 ft: 32446 corp: 422/279Kb lim: 4096 exec/s: 105 rss: 789Mb L: 8/4096 MS: 1 EraseBytes-
#6877	REDUCE cov: 5710 ft: 32446 corp: 422/279Kb lim: 4096 exec/s: 105 rss: 789Mb L: 106/4096 MS: 1 EraseBytes-
#6926	REDUCE cov: 5710 ft: 32446 corp: 422/279Kb lim: 4096 exec/s: 106 rss: 789Mb L: 461/4096 MS: 4 ShuffleBytes-CopyPart-ChangeASCIIInt-EraseBytes-
#6958	REDUCE cov: 5710 ft: 32446 corp: 422/279Kb lim: 4096 exec/s: 107 rss: 789Mb L: 462/4096 MS: 2 CMP-EraseBytes- DE: "\377\377\377\377"-
#6971	REDUCE cov: 5710 ft: 32446 corp: 422/279Kb lim: 4096 exec/s: 105 rss: 789Mb L: 2423/4096 MS: 3 CopyPart-ChangeBinInt-EraseBytes-
#7007	REDUCE cov: 5710 ft: 32446 corp: 422/279Kb lim: 4096 exec/s: 106 rss: 789Mb L: 350/4096 MS: 1 EraseBytes-
#7069	NEW    cov: 5712 ft: 32448 corp: 423/280Kb lim: 4096 exec/s: 107 rss: 789Mb L: 1499/4096 MS: 2 ShuffleBytes-ChangeByte-
#7080	NEW    cov: 5712 ft: 32449 corp: 424/281Kb lim: 4096 exec/s: 107 rss: 789Mb L: 512/4096 MS: 1 ChangeBit-
#7135	REDUCE cov: 5712 ft: 32449 corp: 424/281Kb lim: 4096 exec/s: 106 rss: 789Mb L: 385/4096 MS: 5 InsertRepeatedBytes-InsertByte-InsertRepeatedBytes-ChangeASCIIInt-EraseBytes-
#7156	REDUCE cov: 5712 ft: 32449 corp: 424/281Kb lim: 4096 exec/s: 106 rss: 789Mb L: 224/4096 MS: 1 EraseBytes-
#7219	REDUCE cov: 5712 ft: 32449 corp: 424/281Kb lim: 4096 exec/s: 107 rss: 789Mb L: 489/4096 MS: 3 ChangeBit-CopyPart-EraseBytes-
#7248	REDUCE cov: 5712 ft: 32449 corp: 424/280Kb lim: 4096 exec/s: 108 rss: 789Mb L: 274/4096 MS: 4 ChangeBinInt-ChangeBinInt-InsertByte-EraseBytes-
#7287	REDUCE cov: 5712 ft: 32449 corp: 424/280Kb lim: 4096 exec/s: 107 rss: 789Mb L: 446/4096 MS: 4 ShuffleBytes-CrossOver-EraseBytes-EraseBytes-
#7328	REDUCE cov: 5712 ft: 32449 corp: 424/280Kb lim: 4096 exec/s: 107 rss: 789Mb L: 77/4096 MS: 1 EraseBytes-
#7339	NEW    cov: 5712 ft: 32457 corp: 425/282Kb lim: 4096 exec/s: 107 rss: 789Mb L: 1640/4096 MS: 1 CrossOver-
#7370	REDUCE cov: 5712 ft: 32457 corp: 425/282Kb lim: 4096 exec/s: 108 rss: 789Mb L: 363/4096 MS: 1 EraseBytes-
#7397	REDUCE cov: 5712 ft: 32457 corp: 425/282Kb lim: 4096 exec/s: 108 rss: 789Mb L: 246/4096 MS: 2 ChangeByte-EraseBytes-
#7399	NEW    cov: 5712 ft: 32461 corp: 426/282Kb lim: 4096 exec/s: 108 rss: 789Mb L: 212/4096 MS: 2 CMP-CopyPart- DE: "\027\000\000\000"-
#7426	REDUCE cov: 5712 ft: 32461 corp: 426/282Kb lim: 4096 exec/s: 109 rss: 789Mb L: 1213/4096 MS: 2 InsertRepeatedBytes-EraseBytes-
#7492	NEW    cov: 5717 ft: 32490 corp: 427/283Kb lim: 4096 exec/s: 110 rss: 789Mb L: 1191/4096 MS: 1 ChangeByte-
#7543	REDUCE cov: 5717 ft: 32490 corp: 427/283Kb lim: 4096 exec/s: 109 rss: 789Mb L: 260/4096 MS: 1 EraseBytes-
#7557	NEW    cov: 5717 ft: 32492 corp: 428/284Kb lim: 4096 exec/s: 109 rss: 789Mb L: 752/4096 MS: 4 CopyPart-InsertByte-ShuffleBytes-ChangeBinInt-
#7558	REDUCE cov: 5717 ft: 32492 corp: 428/284Kb lim: 4096 exec/s: 109 rss: 789Mb L: 411/4096 MS: 1 EraseBytes-
#7576	REDUCE cov: 5717 ft: 32492 corp: 428/283Kb lim: 4096 exec/s: 109 rss: 789Mb L: 1367/4096 MS: 3 CrossOver-EraseBytes-EraseBytes-
#7587	REDUCE cov: 5717 ft: 32492 corp: 428/283Kb lim: 4096 exec/s: 109 rss: 789Mb L: 209/4096 MS: 1 EraseBytes-
#7598	REDUCE cov: 5717 ft: 32492 corp: 428/283Kb lim: 4096 exec/s: 110 rss: 789Mb L: 3958/4096 MS: 1 EraseBytes-
#7642	NEW    cov: 5717 ft: 32500 corp: 429/283Kb lim: 4096 exec/s: 110 rss: 789Mb L: 589/4096 MS: 4 PersAutoDict-InsertRepeatedBytes-ShuffleBytes-PersAutoDict- DE: "\377\377\377\377"-"\377\377\377\376"-
#7778	REDUCE cov: 5717 ft: 32500 corp: 429/283Kb lim: 4096 exec/s: 111 rss: 789Mb L: 1189/4096 MS: 1 EraseBytes-
#7800	NEW    cov: 5717 ft: 32508 corp: 430/287Kb lim: 4096 exec/s: 109 rss: 789Mb L: 4062/4096 MS: 2 InsertRepeatedBytes-PersAutoDict- DE: "\377\377\377\377"-
#7801	REDUCE cov: 5717 ft: 32508 corp: 430/287Kb lim: 4096 exec/s: 109 rss: 789Mb L: 3761/4096 MS: 1 EraseBytes-
#7825	REDUCE cov: 5717 ft: 32508 corp: 430/286Kb lim: 4096 exec/s: 110 rss: 789Mb L: 873/4096 MS: 4 ChangeBit-ChangeByte-ChangeBinInt-EraseBytes-
#7838	REDUCE cov: 5717 ft: 32508 corp: 430/286Kb lim: 4096 exec/s: 110 rss: 789Mb L: 225/4096 MS: 3 CrossOver-ChangeByte-EraseBytes-
#7875	NEW    cov: 5720 ft: 32641 corp: 431/289Kb lim: 4096 exec/s: 109 rss: 789Mb L: 3045/4096 MS: 2 PersAutoDict-EraseBytes- DE: "\000\000\000\000\000\000\000\000"-
#7919	REDUCE cov: 5720 ft: 32641 corp: 431/289Kb lim: 4096 exec/s: 109 rss: 789Mb L: 458/4096 MS: 4 ChangeBinInt-ChangeBinInt-InsertByte-EraseBytes-
#8118	NEW    cov: 5720 ft: 32645 corp: 432/289Kb lim: 4096 exec/s: 100 rss: 789Mb L: 212/4096 MS: 4 ChangeByte-ShuffleBytes-ChangeByte-PersAutoDict- DE: "\000\000\000\000\000\000\000\000"-
#8192	pulse  cov: 5720 ft: 32645 corp: 432/289Kb lim: 4096 exec/s: 99 rss: 789Mb
#8282	REDUCE cov: 5720 ft: 32645 corp: 432/289Kb lim: 4096 exec/s: 78 rss: 789Mb L: 1045/4096 MS: 4 ChangeBit-CopyPart-CrossOver-EraseBytes-
#8319	REDUCE cov: 5720 ft: 32645 corp: 432/289Kb lim: 4096 exec/s: 78 rss: 789Mb L: 83/4096 MS: 2 PersAutoDict-EraseBytes- DE: "&\000\000\000\000\000\000\000"-
#8328	REDUCE cov: 5720 ft: 32645 corp: 432/289Kb lim: 4096 exec/s: 78 rss: 789Mb L: 482/4096 MS: 4 InsertByte-ChangeByte-InsertByte-EraseBytes-
#8495	REDUCE cov: 5720 ft: 32645 corp: 432/288Kb lim: 4096 exec/s: 79 rss: 789Mb L: 426/4096 MS: 2 ChangeBinInt-EraseBytes-
#8497	NEW    cov: 5720 ft: 32649 corp: 433/290Kb lim: 4096 exec/s: 79 rss: 789Mb L: 1070/4096 MS: 2 ShuffleBytes-ChangeByte-
#8498	NEW    cov: 5720 ft: 32651 corp: 434/290Kb lim: 4096 exec/s: 79 rss: 789Mb L: 373/4096 MS: 1 InsertByte-
#8502	REDUCE cov: 5720 ft: 32651 corp: 434/290Kb lim: 4096 exec/s: 79 rss: 789Mb L: 291/4096 MS: 4 ChangeBit-InsertByte-CrossOver-EraseBytes-
#8515	REDUCE cov: 5720 ft: 32651 corp: 434/290Kb lim: 4096 exec/s: 79 rss: 789Mb L: 476/4096 MS: 3 ChangeBinInt-ChangeBinInt-EraseBytes-
#8526	NEW    cov: 5720 ft: 32656 corp: 435/291Kb lim: 4096 exec/s: 79 rss: 789Mb L: 1292/4096 MS: 1 CrossOver-
#8637	NEW    cov: 5720 ft: 32657 corp: 436/293Kb lim: 4096 exec/s: 79 rss: 789Mb L: 2021/4096 MS: 1 InsertByte-
#8695	NEW    cov: 5720 ft: 32658 corp: 437/295Kb lim: 4096 exec/s: 80 rss: 789Mb L: 2376/4096 MS: 3 CopyPart-ChangeBit-EraseBytes-
#8826	NEW    cov: 5720 ft: 32666 corp: 438/296Kb lim: 4096 exec/s: 80 rss: 789Mb L: 911/4096 MS: 1 EraseBytes-
#8827	NEW    cov: 5720 ft: 32671 corp: 439/297Kb lim: 4096 exec/s: 80 rss: 789Mb L: 853/4096 MS: 1 CrossOver-
#8878	NEW    cov: 5720 ft: 32672 corp: 440/300Kb lim: 4096 exec/s: 80 rss: 789Mb L: 2678/4096 MS: 1 InsertByte-
#8897	NEW    cov: 5720 ft: 32682 corp: 441/302Kb lim: 4096 exec/s: 80 rss: 789Mb L: 2611/4096 MS: 4 CopyPart-ChangeBit-ChangeBit-EraseBytes-
#8933	REDUCE cov: 5720 ft: 32682 corp: 441/301Kb lim: 4096 exec/s: 81 rss: 789Mb L: 2271/4096 MS: 1 EraseBytes-
#8934	NEW    cov: 5720 ft: 32693 corp: 442/302Kb lim: 4096 exec/s: 81 rss: 789Mb L: 749/4096 MS: 1 CopyPart-
#8941	REDUCE cov: 5720 ft: 32693 corp: 442/301Kb lim: 4096 exec/s: 81 rss: 789Mb L: 1604/4096 MS: 2 InsertRepeatedBytes-EraseBytes-
#8978	REDUCE cov: 5720 ft: 32693 corp: 442/301Kb lim: 4096 exec/s: 81 rss: 789Mb L: 240/4096 MS: 2 PersAutoDict-EraseBytes- DE: "\025\000\000\000\000\000\000\000"-
#8983	NEW    cov: 5720 ft: 32698 corp: 443/303Kb lim: 4096 exec/s: 81 rss: 789Mb L: 2514/4096 MS: 5 InsertByte-InsertRepeatedBytes-ChangeBit-ChangeASCIIInt-CopyPart-
#9080	REDUCE cov: 5720 ft: 32698 corp: 443/303Kb lim: 4096 exec/s: 81 rss: 789Mb L: 255/4096 MS: 2 ChangeByte-EraseBytes-
#9088	REDUCE cov: 5720 ft: 32698 corp: 443/303Kb lim: 4096 exec/s: 81 rss: 789Mb L: 186/4096 MS: 3 ChangeBit-CopyPart-EraseBytes-
#9193	NEW    cov: 5720 ft: 32744 corp: 444/306Kb lim: 4096 exec/s: 82 rss: 789Mb L: 3133/4096 MS: 5 InsertByte-CrossOver-ChangeBit-ChangeBit-PersAutoDict- DE: "\376\377\377\371"-
#9277	NEW    cov: 5720 ft: 32745 corp: 445/309Kb lim: 4096 exec/s: 82 rss: 789Mb L: 3220/4096 MS: 4 ShuffleBytes-CrossOver-CMP-InsertByte- DE: "\033\000\000\000\000\000\000\000"-
#9309	REDUCE cov: 5720 ft: 32745 corp: 445/309Kb lim: 4096 exec/s: 82 rss: 789Mb L: 21/4096 MS: 2 ShuffleBytes-EraseBytes-
#9313	REDUCE cov: 5720 ft: 32745 corp: 445/309Kb lim: 4096 exec/s: 82 rss: 789Mb L: 222/4096 MS: 4 ShuffleBytes-ChangeBinInt-ChangeBit-EraseBytes-
#9336	REDUCE cov: 5720 ft: 32745 corp: 445/309Kb lim: 4096 exec/s: 82 rss: 789Mb L: 205/4096 MS: 3 InsertByte-ChangeByte-EraseBytes-
#9347	REDUCE cov: 5720 ft: 32745 corp: 445/309Kb lim: 4096 exec/s: 82 rss: 789Mb L: 560/4096 MS: 1 EraseBytes-
#9383	REDUCE cov: 5720 ft: 32745 corp: 445/309Kb lim: 4096 exec/s: 83 rss: 789Mb L: 410/4096 MS: 1 EraseBytes-
#9388	REDUCE cov: 5720 ft: 32745 corp: 445/309Kb lim: 4096 exec/s: 83 rss: 789Mb L: 218/4096 MS: 5 ShuffleBytes-CrossOver-ShuffleBytes-InsertByte-EraseBytes-
#9404	REDUCE cov: 5720 ft: 32745 corp: 445/308Kb lim: 4096 exec/s: 83 rss: 789Mb L: 3614/4096 MS: 1 EraseBytes-
#9434	NEW    cov: 5720 ft: 32749 corp: 446/309Kb lim: 4096 exec/s: 83 rss: 789Mb L: 215/4096 MS: 5 ShuffleBytes-ChangeBinInt-ChangeBit-CopyPart-EraseBytes-
#9442	REDUCE cov: 5720 ft: 32749 corp: 446/309Kb lim: 4096 exec/s: 83 rss: 789Mb L: 154/4096 MS: 3 PersAutoDict-ShuffleBytes-EraseBytes- DE: "&\000\000\000\000\000\000\000"-
#9450	REDUCE cov: 5720 ft: 32749 corp: 446/309Kb lim: 4096 exec/s: 83 rss: 789Mb L: 178/4096 MS: 3 InsertByte-ShuffleBytes-EraseBytes-
#9523	REDUCE cov: 5720 ft: 32749 corp: 446/309Kb lim: 4096 exec/s: 83 rss: 789Mb L: 64/4096 MS: 3 ChangeBinInt-PersAutoDict-EraseBytes- DE: "\370\377\377\377"-
#9535	NEW    cov: 5720 ft: 32752 corp: 447/311Kb lim: 4096 exec/s: 83 rss: 789Mb L: 2719/4096 MS: 2 InsertRepeatedBytes-CopyPart-
#9582	NEW    cov: 5721 ft: 32753 corp: 448/312Kb lim: 4096 exec/s: 83 rss: 789Mb L: 1206/4096 MS: 2 ChangeASCIIInt-InsertByte-
#9593	NEW    cov: 5721 ft: 32755 corp: 449/313Kb lim: 4096 exec/s: 83 rss: 789Mb L: 592/4096 MS: 1 InsertByte-
#9596	REDUCE cov: 5721 ft: 32755 corp: 449/313Kb lim: 4096 exec/s: 83 rss: 789Mb L: 639/4096 MS: 3 ChangeASCIIInt-PersAutoDict-EraseBytes- DE: "\033\000\000\000\000\000\000\000"-
#9622	NEW    cov: 5721 ft: 32758 corp: 450/316Kb lim: 4096 exec/s: 83 rss: 789Mb L: 3702/4096 MS: 1 ChangeByte-
#9638	NEW    cov: 5724 ft: 32768 corp: 451/317Kb lim: 4096 exec/s: 83 rss: 789Mb L: 233/4096 MS: 1 InsertByte-
#9652	REDUCE cov: 5724 ft: 32768 corp: 451/317Kb lim: 4096 exec/s: 83 rss: 789Mb L: 337/4096 MS: 4 InsertRepeatedBytes-ChangeByte-ChangeBinInt-EraseBytes-
#9658	REDUCE cov: 5730 ft: 32774 corp: 452/317Kb lim: 4096 exec/s: 83 rss: 789Mb L: 53/4096 MS: 1 EraseBytes-
#9676	REDUCE cov: 5730 ft: 32774 corp: 452/316Kb lim: 4096 exec/s: 84 rss: 789Mb L: 914/4096 MS: 3 PersAutoDict-CrossOver-EraseBytes- DE: "\011\000"-
#9677	REDUCE cov: 5730 ft: 32774 corp: 452/316Kb lim: 4096 exec/s: 84 rss: 789Mb L: 2472/4096 MS: 1 EraseBytes-
#9689	NEW    cov: 5730 ft: 32781 corp: 453/320Kb lim: 4096 exec/s: 84 rss: 789Mb L: 3918/4096 MS: 2 ChangeBinInt-CopyPart-
#9748	NEW    cov: 5730 ft: 32789 corp: 454/322Kb lim: 4096 exec/s: 84 rss: 789Mb L: 2065/4096 MS: 4 CopyPart-PersAutoDict-CrossOver-CrossOver- DE: "\025\000\000\000\000\000\000\000"-
#9780	REDUCE cov: 5730 ft: 32789 corp: 454/322Kb lim: 4096 exec/s: 83 rss: 789Mb L: 22/4096 MS: 2 ShuffleBytes-EraseBytes-
#9792	REDUCE cov: 5730 ft: 32789 corp: 454/322Kb lim: 4096 exec/s: 83 rss: 789Mb L: 1091/4096 MS: 2 ChangeBinInt-EraseBytes-
#9824	NEW    cov: 5730 ft: 32795 corp: 455/323Kb lim: 4096 exec/s: 83 rss: 789Mb L: 1141/4096 MS: 2 InsertByte-ChangeBit-
#9896	REDUCE cov: 5730 ft: 32795 corp: 455/323Kb lim: 4096 exec/s: 84 rss: 789Mb L: 224/4096 MS: 2 ChangeBit-EraseBytes-
#9903	REDUCE cov: 5730 ft: 32795 corp: 455/323Kb lim: 4096 exec/s: 84 rss: 789Mb L: 3553/4096 MS: 2 CopyPart-EraseBytes-
#9905	REDUCE cov: 5730 ft: 32795 corp: 455/323Kb lim: 4096 exec/s: 84 rss: 789Mb L: 210/4096 MS: 2 CMP-EraseBytes- DE: "\000\000\000\000"-
#9945	REDUCE cov: 5730 ft: 32795 corp: 455/323Kb lim: 4096 exec/s: 85 rss: 789Mb L: 1172/4096 MS: 5 ChangeASCIIInt-PersAutoDict-InsertRepeatedBytes-InsertByte-EraseBytes- DE: "\001\000\000\000"-
#10011	NEW    cov: 5735 ft: 32800 corp: 456/323Kb lim: 4096 exec/s: 84 rss: 789Mb L: 512/4096 MS: 1 ChangeBit-
#10070	REDUCE cov: 5735 ft: 32800 corp: 456/323Kb lim: 4096 exec/s: 85 rss: 789Mb L: 1019/4096 MS: 4 ChangeBit-ChangeBit-InsertByte-EraseBytes-
#10086	REDUCE cov: 5735 ft: 32800 corp: 456/323Kb lim: 4096 exec/s: 84 rss: 789Mb L: 352/4096 MS: 1 EraseBytes-
#10102	NEW    cov: 5736 ft: 32806 corp: 457/327Kb lim: 4096 exec/s: 84 rss: 789Mb L: 3918/4096 MS: 1 ChangeBit-
#10150	NEW    cov: 5736 ft: 32807 corp: 458/327Kb lim: 4096 exec/s: 85 rss: 789Mb L: 678/4096 MS: 3 PersAutoDict-InsertByte-EraseBytes- DE: "\377\377\377\377\377\377\377%"-
#10152	REDUCE cov: 5736 ft: 32809 corp: 459/328Kb lim: 4096 exec/s: 85 rss: 789Mb L: 404/4096 MS: 2 ChangeASCIIInt-ChangeByte-
#10173	NEW    cov: 5736 ft: 32811 corp: 460/330Kb lim: 4096 exec/s: 85 rss: 789Mb L: 2212/4096 MS: 1 ChangeByte-
#10209	REDUCE cov: 5736 ft: 32811 corp: 460/330Kb lim: 4096 exec/s: 85 rss: 789Mb L: 357/4096 MS: 1 EraseBytes-
#10216	NEW    cov: 5736 ft: 32815 corp: 461/330Kb lim: 4096 exec/s: 85 rss: 789Mb L: 594/4096 MS: 2 CopyPart-PersAutoDict- DE: "\377\002"-
#10333	REDUCE cov: 5736 ft: 32815 corp: 461/330Kb lim: 4096 exec/s: 86 rss: 789Mb L: 375/4096 MS: 2 CrossOver-EraseBytes-
#10368	REDUCE cov: 5736 ft: 32815 corp: 461/330Kb lim: 4096 exec/s: 86 rss: 789Mb L: 544/4096 MS: 5 PersAutoDict-CMP-PersAutoDict-CopyPart-EraseBytes- DE: "\027\000\000\000"-"j\007\346\332\201\271v\000"-"\377\002"-
#10424	REDUCE cov: 5736 ft: 32815 corp: 461/330Kb lim: 4096 exec/s: 84 rss: 789Mb L: 470/4096 MS: 1 EraseBytes-
#10450	NEW    cov: 5736 ft: 32826 corp: 462/333Kb lim: 4096 exec/s: 84 rss: 789Mb L: 2589/4096 MS: 1 InsertByte-
#10702	NEW    cov: 5736 ft: 32827 corp: 463/333Kb lim: 4096 exec/s: 86 rss: 789Mb L: 210/4096 MS: 2 CrossOver-InsertRepeatedBytes-
#10723	REDUCE cov: 5736 ft: 32836 corp: 464/333Kb lim: 4096 exec/s: 85 rss: 789Mb L: 9/4096 MS: 1 CopyPart-
#10757	REDUCE cov: 5736 ft: 32836 corp: 464/333Kb lim: 4096 exec/s: 86 rss: 789Mb L: 426/4096 MS: 4 ShuffleBytes-InsertByte-InsertRepeatedBytes-EraseBytes-
#10778	REDUCE cov: 5736 ft: 32836 corp: 464/332Kb lim: 4096 exec/s: 86 rss: 789Mb L: 223/4096 MS: 1 EraseBytes-
#10871	REDUCE cov: 5736 ft: 32836 corp: 464/332Kb lim: 4096 exec/s: 86 rss: 789Mb L: 392/4096 MS: 3 ChangeASCIIInt-ChangeBit-EraseBytes-
#10883	REDUCE cov: 5736 ft: 32836 corp: 464/332Kb lim: 4096 exec/s: 86 rss: 789Mb L: 397/4096 MS: 2 CrossOver-EraseBytes-
#10893	REDUCE cov: 5736 ft: 32836 corp: 464/332Kb lim: 4096 exec/s: 86 rss: 789Mb L: 374/4096 MS: 5 InsertRepeatedBytes-CrossOver-PersAutoDict-ChangeByte-EraseBytes- DE: "\001\000\000\000"-
#10925	REDUCE cov: 5736 ft: 32844 corp: 465/333Kb lim: 4096 exec/s: 86 rss: 789Mb L: 639/4096 MS: 2 PersAutoDict-CopyPart- DE: "\033\000\000\000\000\000\000\000"-
#11011	REDUCE cov: 5736 ft: 32844 corp: 465/333Kb lim: 4096 exec/s: 87 rss: 789Mb L: 104/4096 MS: 1 EraseBytes-
#11094	REDUCE cov: 5736 ft: 32844 corp: 465/333Kb lim: 4096 exec/s: 88 rss: 789Mb L: 253/4096 MS: 3 ChangeBinInt-InsertRepeatedBytes-EraseBytes-
#11112	NEW    cov: 5736 ft: 32866 corp: 466/335Kb lim: 4096 exec/s: 87 rss: 789Mb L: 2186/4096 MS: 3 ChangeASCIIInt-InsertRepeatedBytes-ChangeBinInt-
#11162	NEW    cov: 5739 ft: 32869 corp: 467/336Kb lim: 4096 exec/s: 87 rss: 789Mb L: 904/4096 MS: 5 CrossOver-CMP-PersAutoDict-CopyPart-InsertRepeatedBytes- DE: "\377\377\377\377\377\377\377\377"-"\377\377\377\376"-
#11168	NEW    cov: 5739 ft: 32880 corp: 468/336Kb lim: 4096 exec/s: 87 rss: 789Mb L: 395/4096 MS: 1 ChangeBit-
#11179	REDUCE cov: 5739 ft: 32880 corp: 468/336Kb lim: 4096 exec/s: 88 rss: 789Mb L: 47/4096 MS: 1 EraseBytes-
#11222	REDUCE cov: 5739 ft: 32880 corp: 468/336Kb lim: 4096 exec/s: 88 rss: 789Mb L: 351/4096 MS: 3 CopyPart-ChangeByte-EraseBytes-
#11254	REDUCE cov: 5739 ft: 32880 corp: 468/336Kb lim: 4096 exec/s: 88 rss: 789Mb L: 61/4096 MS: 2 ShuffleBytes-EraseBytes-
#11286	REDUCE cov: 5739 ft: 32880 corp: 468/336Kb lim: 4096 exec/s: 88 rss: 789Mb L: 206/4096 MS: 2 CopyPart-EraseBytes-
#11292	REDUCE cov: 5739 ft: 32880 corp: 468/336Kb lim: 4096 exec/s: 88 rss: 789Mb L: 156/4096 MS: 1 EraseBytes-
#11323	REDUCE cov: 5739 ft: 32880 corp: 468/336Kb lim: 4096 exec/s: 89 rss: 789Mb L: 268/4096 MS: 1 EraseBytes-
#11326	REDUCE cov: 5739 ft: 32880 corp: 468/336Kb lim: 4096 exec/s: 89 rss: 789Mb L: 863/4096 MS: 3 CrossOver-CMP-EraseBytes- DE: "\011\000\000\000\000\000\000\000"-
#11343	NEW    cov: 5739 ft: 32884 corp: 469/336Kb lim: 4096 exec/s: 89 rss: 789Mb L: 452/4096 MS: 2 CMP-CrossOver- DE: "\001\000\000\000\000\000\000\000"-
#11344	REDUCE cov: 5739 ft: 32884 corp: 469/336Kb lim: 4096 exec/s: 89 rss: 789Mb L: 104/4096 MS: 1 EraseBytes-
#11385	NEW    cov: 5739 ft: 32886 corp: 470/337Kb lim: 4096 exec/s: 89 rss: 789Mb L: 786/4096 MS: 1 CopyPart-
#11417	REDUCE cov: 5739 ft: 32886 corp: 470/337Kb lim: 4096 exec/s: 89 rss: 789Mb L: 332/4096 MS: 2 InsertRepeatedBytes-EraseBytes-
#11499	REDUCE cov: 5739 ft: 32886 corp: 470/337Kb lim: 4096 exec/s: 89 rss: 789Mb L: 15/4096 MS: 2 ShuffleBytes-EraseBytes-
#11549	REDUCE cov: 5739 ft: 32886 corp: 470/337Kb lim: 4096 exec/s: 90 rss: 789Mb L: 44/4096 MS: 5 PersAutoDict-ChangeBinInt-PersAutoDict-CMP-EraseBytes- DE: "\002\000\000\000"-"\000\000\000\000"-"\003\000\000\000\000\000\000\000"-
#11565	REDUCE cov: 5739 ft: 32886 corp: 470/337Kb lim: 4096 exec/s: 90 rss: 789Mb L: 400/4096 MS: 1 EraseBytes-
#11624	NEW    cov: 5739 ft: 32890 corp: 471/340Kb lim: 4096 exec/s: 87 rss: 789Mb L: 3337/4096 MS: 4 InsertByte-ShuffleBytes-CrossOver-CopyPart-
#11655	REDUCE cov: 5739 ft: 32890 corp: 471/340Kb lim: 4096 exec/s: 86 rss: 789Mb L: 350/4096 MS: 1 EraseBytes-
#11670	NEW    cov: 5739 ft: 32897 corp: 472/342Kb lim: 4096 exec/s: 87 rss: 789Mb L: 2020/4096 MS: 5 ChangeByte-PersAutoDict-CrossOver-ChangeASCIIInt-ChangeBinInt- DE: "\000\000\000\000\000\000\000\000"-
#11676	REDUCE cov: 5739 ft: 32897 corp: 472/342Kb lim: 4096 exec/s: 87 rss: 789Mb L: 231/4096 MS: 1 EraseBytes-
#11703	NEW    cov: 5739 ft: 32898 corp: 473/342Kb lim: 4096 exec/s: 87 rss: 789Mb L: 269/4096 MS: 2 PersAutoDict-EraseBytes- DE: "\370\377\377\377"-
#11720	REDUCE cov: 5739 ft: 32898 corp: 473/342Kb lim: 4096 exec/s: 87 rss: 789Mb L: 140/4096 MS: 2 InsertByte-EraseBytes-
#11726	NEW    cov: 5739 ft: 32903 corp: 474/345Kb lim: 4096 exec/s: 87 rss: 789Mb L: 2582/4096 MS: 1 EraseBytes-
#11758	NEW    cov: 5739 ft: 32905 corp: 475/346Kb lim: 4096 exec/s: 87 rss: 789Mb L: 1083/4096 MS: 2 InsertByte-ChangeByte-
#11779	REDUCE cov: 5739 ft: 32905 corp: 475/346Kb lim: 4096 exec/s: 87 rss: 789Mb L: 165/4096 MS: 1 EraseBytes-
#11839	REDUCE cov: 5739 ft: 32905 corp: 475/345Kb lim: 4096 exec/s: 73 rss: 789Mb L: 1125/4096 MS: 5 ChangeBinInt-CopyPart-PersAutoDict-PersAutoDict-EraseBytes- DE: "\001\000\000\000\000\000\000\000"-"\011\000"-
#11893	REDUCE cov: 5739 ft: 32905 corp: 475/345Kb lim: 4096 exec/s: 69 rss: 789Mb L: 496/4096 MS: 4 ChangeBit-ShuffleBytes-ChangeBit-EraseBytes-
#11927	REDUCE cov: 5739 ft: 32905 corp: 475/344Kb lim: 4096 exec/s: 70 rss: 789Mb L: 1830/4096 MS: 4 ShuffleBytes-ChangeBinInt-ChangeByte-EraseBytes-
#11955	REDUCE cov: 5739 ft: 32905 corp: 475/344Kb lim: 4096 exec/s: 70 rss: 789Mb L: 300/4096 MS: 3 ChangeBinInt-ShuffleBytes-EraseBytes-
#11959	NEW    cov: 5739 ft: 32906 corp: 476/347Kb lim: 4096 exec/s: 70 rss: 789Mb L: 3045/4096 MS: 4 ChangeBit-PersAutoDict-ChangeASCIIInt-ChangeByte- DE: "\027\000\000\000"-
#12005	NEW    cov: 5739 ft: 32907 corp: 477/349Kb lim: 4096 exec/s: 70 rss: 789Mb L: 1747/4096 MS: 1 ChangeBit-
#12043	REDUCE cov: 5739 ft: 32907 corp: 477/349Kb lim: 4096 exec/s: 70 rss: 789Mb L: 201/4096 MS: 3 CopyPart-ChangeByte-EraseBytes-
#12174	REDUCE cov: 5739 ft: 32907 corp: 477/348Kb lim: 4096 exec/s: 71 rss: 789Mb L: 302/4096 MS: 1 EraseBytes-
#12202	REDUCE cov: 5739 ft: 32907 corp: 477/348Kb lim: 4096 exec/s: 71 rss: 789Mb L: 704/4096 MS: 3 ChangeASCIIInt-ChangeBinInt-CrossOver-
#12251	NEW    cov: 5739 ft: 32908 corp: 478/348Kb lim: 4096 exec/s: 71 rss: 789Mb L: 239/4096 MS: 4 ShuffleBytes-ChangeASCIIInt-ShuffleBytes-ChangeByte-
#12252	NEW    cov: 5739 ft: 32920 corp: 479/349Kb lim: 4096 exec/s: 71 rss: 789Mb L: 853/4096 MS: 1 CopyPart-
#12253	REDUCE cov: 5739 ft: 32920 corp: 479/349Kb lim: 4096 exec/s: 71 rss: 789Mb L: 482/4096 MS: 1 EraseBytes-
#12256	REDUCE cov: 5739 ft: 32920 corp: 479/348Kb lim: 4096 exec/s: 71 rss: 789Mb L: 3107/4096 MS: 3 ChangeByte-ChangeASCIIInt-CrossOver-
#12278	REDUCE cov: 5739 ft: 32920 corp: 479/348Kb lim: 4096 exec/s: 71 rss: 789Mb L: 222/4096 MS: 2 CopyPart-EraseBytes-
#12304	REDUCE cov: 5739 ft: 32920 corp: 479/348Kb lim: 4096 exec/s: 71 rss: 789Mb L: 170/4096 MS: 1 EraseBytes-
#12314	NEW    cov: 5739 ft: 32926 corp: 480/350Kb lim: 4096 exec/s: 64 rss: 789Mb L: 1384/4096 MS: 5 ChangeASCIIInt-ChangeASCIIInt-CMP-ShuffleBytes-EraseBytes- DE: "\000\007"-
#12331	REDUCE cov: 5739 ft: 32926 corp: 480/350Kb lim: 4096 exec/s: 64 rss: 789Mb L: 499/4096 MS: 2 ChangeASCIIInt-EraseBytes-
#12416	REDUCE cov: 5739 ft: 32926 corp: 480/350Kb lim: 4096 exec/s: 64 rss: 789Mb L: 102/4096 MS: 5 ChangeByte-CopyPart-InsertByte-CMP-EraseBytes- DE: "\004\000\000\000\000\000\000\000"-
#12448	REDUCE cov: 5739 ft: 32926 corp: 480/349Kb lim: 4096 exec/s: 64 rss: 789Mb L: 321/4096 MS: 2 ShuffleBytes-EraseBytes-
#12464	REDUCE cov: 5739 ft: 32926 corp: 480/349Kb lim: 4096 exec/s: 64 rss: 789Mb L: 241/4096 MS: 1 EraseBytes-
#12524	NEW    cov: 5739 ft: 32927 corp: 481/353Kb lim: 4096 exec/s: 64 rss: 789Mb L: 3387/4096 MS: 5 CrossOver-CMP-ShuffleBytes-ChangeByte-CopyPart- DE: "\000\000\000\000\000\000\000\025"-
#12566	REDUCE cov: 5739 ft: 32927 corp: 481/353Kb lim: 4096 exec/s: 65 rss: 789Mb L: 446/4096 MS: 2 ChangeByte-EraseBytes-
#12574	NEW    cov: 5739 ft: 32965 corp: 482/354Kb lim: 4096 exec/s: 65 rss: 789Mb L: 854/4096 MS: 3 CrossOver-ChangeByte-InsertByte-
#12595	REDUCE cov: 5739 ft: 32965 corp: 482/354Kb lim: 4096 exec/s: 65 rss: 789Mb L: 51/4096 MS: 1 EraseBytes-
#12631	NEW    cov: 5739 ft: 32967 corp: 483/354Kb lim: 4096 exec/s: 65 rss: 789Mb L: 316/4096 MS: 1 ChangeBit-
#12748	REDUCE cov: 5739 ft: 32967 corp: 483/354Kb lim: 4096 exec/s: 65 rss: 789Mb L: 351/4096 MS: 2 PersAutoDict-EraseBytes- DE: "\377\377\377\377"-
#12755	REDUCE cov: 5739 ft: 32967 corp: 483/354Kb lim: 4096 exec/s: 65 rss: 789Mb L: 1254/4096 MS: 2 ChangeASCIIInt-EraseBytes-
#12776	NEW    cov: 5739 ft: 32971 corp: 484/355Kb lim: 4096 exec/s: 65 rss: 789Mb L: 1250/4096 MS: 1 InsertByte-
#12787	NEW    cov: 5739 ft: 32982 corp: 485/359Kb lim: 4096 exec/s: 65 rss: 789Mb L: 4096/4096 MS: 1 ChangeBinInt-
#12788	REDUCE cov: 5739 ft: 32982 corp: 485/359Kb lim: 4096 exec/s: 65 rss: 789Mb L: 158/4096 MS: 1 EraseBytes-
#12789	REDUCE cov: 5739 ft: 32982 corp: 485/359Kb lim: 4096 exec/s: 65 rss: 789Mb L: 1025/4096 MS: 1 EraseBytes-
#12855	NEW    cov: 5739 ft: 32986 corp: 486/363Kb lim: 4096 exec/s: 65 rss: 789Mb L: 4052/4096 MS: 1 CopyPart-
#12872	NEW    cov: 5739 ft: 32994 corp: 487/364Kb lim: 4096 exec/s: 65 rss: 789Mb L: 1161/4096 MS: 2 InsertByte-CopyPart-
#12938	REDUCE cov: 5739 ft: 32994 corp: 487/364Kb lim: 4096 exec/s: 65 rss: 789Mb L: 350/4096 MS: 1 EraseBytes-
#13000	REDUCE cov: 5739 ft: 32995 corp: 488/364Kb lim: 4096 exec/s: 65 rss: 789Mb L: 328/4096 MS: 2 InsertRepeatedBytes-EraseBytes-
#13032	REDUCE cov: 5739 ft: 32995 corp: 488/364Kb lim: 4096 exec/s: 65 rss: 789Mb L: 478/4096 MS: 2 ChangeByte-EraseBytes-
#13128	REDUCE cov: 5739 ft: 32995 corp: 488/364Kb lim: 4096 exec/s: 65 rss: 789Mb L: 108/4096 MS: 1 EraseBytes-
#13321	REDUCE cov: 5739 ft: 32995 corp: 488/363Kb lim: 4096 exec/s: 64 rss: 789Mb L: 1290/4096 MS: 3 PersAutoDict-ShuffleBytes-EraseBytes- DE: "\377\377\377\377\377\377\377%"-
#13339	NEW    cov: 5739 ft: 32996 corp: 489/364Kb lim: 4096 exec/s: 64 rss: 789Mb L: 362/4096 MS: 3 PersAutoDict-InsertByte-InsertRepeatedBytes- DE: "\000\000\000\000\000\000\000\000"-
#13386	NEW    cov: 5739 ft: 32998 corp: 490/364Kb lim: 4096 exec/s: 64 rss: 789Mb L: 379/4096 MS: 2 EraseBytes-ShuffleBytes-
#13415	REDUCE cov: 5739 ft: 32998 corp: 490/364Kb lim: 4096 exec/s: 64 rss: 789Mb L: 231/4096 MS: 4 InsertByte-ChangeBinInt-ChangeBinInt-EraseBytes-
#13443	NEW    cov: 5739 ft: 33007 corp: 491/365Kb lim: 4096 exec/s: 64 rss: 789Mb L: 500/4096 MS: 3 ShuffleBytes-ChangeByte-CopyPart-
#13469	NEW    cov: 5739 ft: 33011 corp: 492/367Kb lim: 4096 exec/s: 64 rss: 789Mb L: 2751/4096 MS: 1 PersAutoDict- DE: "\011\000\000\000\000\000\000\000"-
#13490	REDUCE cov: 5739 ft: 33011 corp: 492/367Kb lim: 4096 exec/s: 64 rss: 789Mb L: 173/4096 MS: 1 EraseBytes-
#13494	REDUCE cov: 5739 ft: 33011 corp: 492/367Kb lim: 4096 exec/s: 64 rss: 789Mb L: 177/4096 MS: 4 ChangeBit-PersAutoDict-ChangeBit-EraseBytes- DE: "j\007\346\332\201\271v\000"-
#13495	NEW    cov: 5739 ft: 33018 corp: 493/368Kb lim: 4096 exec/s: 64 rss: 789Mb L: 512/4096 MS: 1 ChangeByte-
#13516	REDUCE cov: 5739 ft: 33018 corp: 493/368Kb lim: 4096 exec/s: 64 rss: 789Mb L: 265/4096 MS: 1 EraseBytes-
#13562	REDUCE cov: 5739 ft: 33018 corp: 493/367Kb lim: 4096 exec/s: 65 rss: 789Mb L: 416/4096 MS: 1 EraseBytes-
#13576	REDUCE cov: 5739 ft: 33018 corp: 493/367Kb lim: 4096 exec/s: 65 rss: 789Mb L: 179/4096 MS: 4 ChangeBit-PersAutoDict-ChangeBinInt-EraseBytes- DE: "j\007\346\332\201\271v\000"-
#13632	NEW    cov: 5739 ft: 33025 corp: 494/371Kb lim: 4096 exec/s: 65 rss: 789Mb L: 4096/4096 MS: 1 CopyPart-
#13639	REDUCE cov: 5739 ft: 33025 corp: 494/371Kb lim: 4096 exec/s: 65 rss: 789Mb L: 193/4096 MS: 2 ChangeASCIIInt-EraseBytes-
#13735	REDUCE cov: 5739 ft: 33025 corp: 494/371Kb lim: 4096 exec/s: 65 rss: 789Mb L: 12/4096 MS: 1 EraseBytes-
#13738	REDUCE cov: 5739 ft: 33025 corp: 494/371Kb lim: 4096 exec/s: 65 rss: 789Mb L: 101/4096 MS: 3 InsertByte-CMP-EraseBytes- DE: "\361R\266\002?`\000\000"-
#13750	REDUCE cov: 5741 ft: 33036 corp: 495/371Kb lim: 4096 exec/s: 65 rss: 789Mb L: 96/4096 MS: 2 ChangeBit-EraseBytes-
#13819	NEW    cov: 5741 ft: 33037 corp: 496/372Kb lim: 4096 exec/s: 65 rss: 789Mb L: 572/4096 MS: 4 EraseBytes-CopyPart-InsertRepeatedBytes-ChangeBit-
#13846	REDUCE cov: 5741 ft: 33037 corp: 496/372Kb lim: 4096 exec/s: 65 rss: 789Mb L: 376/4096 MS: 2 ChangeBit-EraseBytes-
#13882	REDUCE cov: 5741 ft: 33037 corp: 496/372Kb lim: 4096 exec/s: 65 rss: 789Mb L: 977/4096 MS: 1 EraseBytes-
#13883	REDUCE cov: 5741 ft: 33037 corp: 496/371Kb lim: 4096 exec/s: 65 rss: 789Mb L: 207/4096 MS: 1 EraseBytes-
#13934	NEW    cov: 5741 ft: 33038 corp: 497/375Kb lim: 4096 exec/s: 65 rss: 789Mb L: 4052/4096 MS: 1 ChangeBit-
#13940	REDUCE cov: 5741 ft: 33042 corp: 498/378Kb lim: 4096 exec/s: 65 rss: 789Mb L: 2587/4096 MS: 1 CrossOver-
#13957	NEW    cov: 5741 ft: 33043 corp: 499/378Kb lim: 4096 exec/s: 65 rss: 789Mb L: 247/4096 MS: 2 ChangeByte-CopyPart-
#14044	NEW    cov: 5741 ft: 33051 corp: 500/382Kb lim: 4096 exec/s: 65 rss: 801Mb L: 4096/4096 MS: 2 ChangeASCIIInt-CopyPart-
#14061	REDUCE cov: 5741 ft: 33051 corp: 500/382Kb lim: 4096 exec/s: 65 rss: 801Mb L: 444/4096 MS: 2 ShuffleBytes-EraseBytes-
#14087	REDUCE cov: 5741 ft: 33053 corp: 501/383Kb lim: 4096 exec/s: 65 rss: 801Mb L: 376/4096 MS: 1 ChangeBinInt-
#14123	NEW    cov: 5741 ft: 33059 corp: 502/383Kb lim: 4096 exec/s: 65 rss: 801Mb L: 789/4096 MS: 1 CopyPart-
#14154	NEW    cov: 5741 ft: 33060 corp: 503/387Kb lim: 4096 exec/s: 65 rss: 801Mb L: 3387/4096 MS: 1 CopyPart-
#14192	NEW    cov: 5746 ft: 33109 corp: 504/391Kb lim: 4096 exec/s: 65 rss: 801Mb L: 4096/4096 MS: 3 ChangeBit-ChangeByte-ChangeByte-
#14194	NEW    cov: 5746 ft: 33135 corp: 505/395Kb lim: 4096 exec/s: 65 rss: 801Mb L: 4096/4096 MS: 2 PersAutoDict-ChangeBit- DE: "\000\000\000\000\000\000\000\025"-
#14195	REDUCE cov: 5746 ft: 33135 corp: 505/395Kb lim: 4096 exec/s: 65 rss: 801Mb L: 383/4096 MS: 1 EraseBytes-
#14227	NEW    cov: 5746 ft: 33139 corp: 506/395Kb lim: 4096 exec/s: 65 rss: 801Mb L: 506/4096 MS: 2 ChangeByte-ShuffleBytes-
#14315	NEW    cov: 5746 ft: 33156 corp: 507/397Kb lim: 4096 exec/s: 65 rss: 801Mb L: 1591/4096 MS: 3 ShuffleBytes-CrossOver-InsertRepeatedBytes-
#14321	NEW    cov: 5746 ft: 33172 corp: 508/400Kb lim: 4096 exec/s: 65 rss: 801Mb L: 3702/4096 MS: 1 CrossOver-
#14349	REDUCE cov: 5746 ft: 33172 corp: 508/400Kb lim: 4096 exec/s: 65 rss: 801Mb L: 407/4096 MS: 3 ChangeBinInt-ChangeASCIIInt-EraseBytes-
#14366	REDUCE cov: 5746 ft: 33172 corp: 508/400Kb lim: 4096 exec/s: 65 rss: 801Mb L: 175/4096 MS: 2 ChangeBinInt-EraseBytes-
#14497	REDUCE cov: 5746 ft: 33172 corp: 508/400Kb lim: 4096 exec/s: 65 rss: 801Mb L: 102/4096 MS: 1 EraseBytes-
#14555	REDUCE cov: 5746 ft: 33172 corp: 508/400Kb lim: 4096 exec/s: 65 rss: 801Mb L: 207/4096 MS: 3 ChangeBit-InsertRepeatedBytes-EraseBytes-
#14589	NEW    cov: 5746 ft: 33189 corp: 509/403Kb lim: 4096 exec/s: 65 rss: 801Mb L: 3173/4096 MS: 4 EraseBytes-CopyPart-ShuffleBytes-ShuffleBytes-
#14601	NEW    cov: 5750 ft: 33196 corp: 510/404Kb lim: 4096 exec/s: 65 rss: 801Mb L: 522/4096 MS: 2 ShuffleBytes-ChangeBinInt-
#14628	REDUCE cov: 5750 ft: 33196 corp: 510/404Kb lim: 4096 exec/s: 65 rss: 801Mb L: 339/4096 MS: 2 ChangeASCIIInt-EraseBytes-
#14700	REDUCE cov: 5750 ft: 33196 corp: 510/404Kb lim: 4096 exec/s: 65 rss: 801Mb L: 387/4096 MS: 2 PersAutoDict-EraseBytes- DE: "\000\000\000\000\000\000\000\025"-
#14722	NEW    cov: 5750 ft: 33199 corp: 511/407Kb lim: 4096 exec/s: 66 rss: 801Mb L: 3918/4096 MS: 2 ChangeASCIIInt-ChangeBit-
#14732	REDUCE cov: 5750 ft: 33202 corp: 512/408Kb lim: 4096 exec/s: 66 rss: 801Mb L: 1043/4096 MS: 5 InsertByte-InsertByte-PersAutoDict-InsertRepeatedBytes-EraseBytes- DE: "\000\000\000\000\000\000\000\000"-
#14749	REDUCE cov: 5750 ft: 33206 corp: 513/412Kb lim: 4096 exec/s: 66 rss: 801Mb L: 3474/4096 MS: 2 EraseBytes-CopyPart-
#14753	REDUCE cov: 5750 ft: 33206 corp: 513/411Kb lim: 4096 exec/s: 66 rss: 801Mb L: 2344/4096 MS: 4 CrossOver-CrossOver-ChangeASCIIInt-EraseBytes-
#14789	REDUCE cov: 5750 ft: 33206 corp: 513/411Kb lim: 4096 exec/s: 66 rss: 801Mb L: 320/4096 MS: 1 EraseBytes-
#14840	REDUCE cov: 5750 ft: 33206 corp: 513/411Kb lim: 4096 exec/s: 66 rss: 801Mb L: 55/4096 MS: 1 EraseBytes-
#14949	REDUCE cov: 5750 ft: 33206 corp: 513/411Kb lim: 4096 exec/s: 66 rss: 801Mb L: 212/4096 MS: 4 CrossOver-CopyPart-CopyPart-EraseBytes-
#14961	REDUCE cov: 5750 ft: 33206 corp: 513/409Kb lim: 4096 exec/s: 66 rss: 801Mb L: 1868/4096 MS: 2 ShuffleBytes-EraseBytes-
#14998	NEW    cov: 5750 ft: 33211 corp: 514/409Kb lim: 4096 exec/s: 66 rss: 801Mb L: 424/4096 MS: 2 EraseBytes-PersAutoDict- DE: "\377\002"-
#15139	REDUCE cov: 5750 ft: 33211 corp: 514/409Kb lim: 4096 exec/s: 66 rss: 801Mb L: 238/4096 MS: 1 EraseBytes-
#15202	REDUCE cov: 5750 ft: 33211 corp: 514/409Kb lim: 4096 exec/s: 66 rss: 801Mb L: 296/4096 MS: 3 ShuffleBytes-ShuffleBytes-EraseBytes-
#15226	REDUCE cov: 5750 ft: 33211 corp: 514/409Kb lim: 4096 exec/s: 66 rss: 801Mb L: 194/4096 MS: 4 InsertRepeatedBytes-ChangeBit-InsertRepeatedBytes-EraseBytes-
#15327	NEW    cov: 5750 ft: 33212 corp: 515/413Kb lim: 4096 exec/s: 66 rss: 801Mb L: 3866/4096 MS: 1 EraseBytes-
#15365	REDUCE cov: 5750 ft: 33212 corp: 515/413Kb lim: 4096 exec/s: 66 rss: 801Mb L: 210/4096 MS: 3 InsertRepeatedBytes-CrossOver-EraseBytes-
#15384	REDUCE cov: 5750 ft: 33261 corp: 516/413Kb lim: 4096 exec/s: 66 rss: 801Mb L: 320/4096 MS: 4 InsertByte-CrossOver-CopyPart-PersAutoDict- DE: "\001\000\000\000"-
#15395	REDUCE cov: 5750 ft: 33261 corp: 516/413Kb lim: 4096 exec/s: 66 rss: 801Mb L: 275/4096 MS: 1 EraseBytes-
#15427	REDUCE cov: 5752 ft: 33263 corp: 517/414Kb lim: 4096 exec/s: 66 rss: 801Mb L: 420/4096 MS: 2 InsertByte-ShuffleBytes-
#15457	NEW    cov: 5752 ft: 33264 corp: 518/414Kb lim: 4096 exec/s: 66 rss: 801Mb L: 614/4096 MS: 5 CopyPart-ChangeBinInt-CrossOver-ChangeBit-CopyPart-
#15488	REDUCE cov: 5753 ft: 33265 corp: 519/414Kb lim: 4096 exec/s: 66 rss: 801Mb L: 209/4096 MS: 1 CrossOver-
#15495	REDUCE cov: 5753 ft: 33265 corp: 519/414Kb lim: 4096 exec/s: 66 rss: 801Mb L: 247/4096 MS: 2 ChangeByte-EraseBytes-
#15496	NEW    cov: 5753 ft: 33270 corp: 520/416Kb lim: 4096 exec/s: 66 rss: 801Mb L: 1642/4096 MS: 1 EraseBytes-
#15507	REDUCE cov: 5753 ft: 33270 corp: 520/416Kb lim: 4096 exec/s: 66 rss: 801Mb L: 237/4096 MS: 1 EraseBytes-
#15570	REDUCE cov: 5753 ft: 33270 corp: 520/416Kb lim: 4096 exec/s: 66 rss: 801Mb L: 220/4096 MS: 3 EraseBytes-ShuffleBytes-CopyPart-
#15576	REDUCE cov: 5754 ft: 33305 corp: 521/418Kb lim: 4096 exec/s: 66 rss: 801Mb L: 2434/4096 MS: 1 EraseBytes-
#15603	REDUCE cov: 5759 ft: 33343 corp: 522/419Kb lim: 4096 exec/s: 66 rss: 801Mb L: 976/4096 MS: 2 ShuffleBytes-CrossOver-
#15608	NEW    cov: 5759 ft: 33351 corp: 523/421Kb lim: 4096 exec/s: 66 rss: 801Mb L: 1855/4096 MS: 5 InsertByte-CopyPart-ChangeByte-ChangeByte-InsertRepeatedBytes-
#15626	REDUCE cov: 5759 ft: 33352 corp: 524/421Kb lim: 4096 exec/s: 66 rss: 801Mb L: 561/4096 MS: 2 InsertRepeatedBytes-EraseBytes-
#15633	NEW    cov: 5759 ft: 33353 corp: 525/422Kb lim: 4096 exec/s: 66 rss: 801Mb L: 210/4096 MS: 2 ShuffleBytes-CopyPart-
#15700	REDUCE cov: 5759 ft: 33353 corp: 525/421Kb lim: 4096 exec/s: 66 rss: 801Mb L: 2226/4096 MS: 2 CMP-EraseBytes- DE: "\001\000\000\000"-
#15739	REDUCE cov: 5759 ft: 33353 corp: 525/421Kb lim: 4096 exec/s: 65 rss: 801Mb L: 184/4096 MS: 4 ChangeBinInt-ShuffleBytes-InsertRepeatedBytes-EraseBytes-
#15784	REDUCE cov: 5759 ft: 33354 corp: 526/424Kb lim: 4096 exec/s: 65 rss: 801Mb L: 2902/4096 MS: 5 EraseBytes-ShuffleBytes-InsertRepeatedBytes-InsertRepeatedBytes-CrossOver-
#15853	NEW    cov: 5759 ft: 33355 corp: 527/425Kb lim: 4096 exec/s: 65 rss: 801Mb L: 973/4096 MS: 4 ChangeBit-ChangeByte-ChangeASCIIInt-CopyPart-
#15893	REDUCE cov: 5759 ft: 33355 corp: 527/424Kb lim: 4096 exec/s: 65 rss: 801Mb L: 309/4096 MS: 5 EraseBytes-ChangeBit-InsertRepeatedBytes-CMP-EraseBytes- DE: "\377\377\377R"-
#15915	REDUCE cov: 5759 ft: 33355 corp: 527/424Kb lim: 4096 exec/s: 65 rss: 801Mb L: 2802/4096 MS: 2 PersAutoDict-CrossOver- DE: "\001\000\000\000"-
#15925	NEW    cov: 5759 ft: 33358 corp: 528/424Kb lim: 4096 exec/s: 65 rss: 801Mb L: 677/4096 MS: 5 ChangeASCIIInt-ChangeBit-ShuffleBytes-InsertByte-CopyPart-
#15926	REDUCE cov: 5759 ft: 33358 corp: 528/424Kb lim: 4096 exec/s: 65 rss: 801Mb L: 138/4096 MS: 1 EraseBytes-
#15947	NEW    cov: 5759 ft: 33359 corp: 529/425Kb lim: 4096 exec/s: 65 rss: 801Mb L: 520/4096 MS: 1 PersAutoDict- DE: "\377\377\377\377\377\377\377%"-
#15962	REDUCE cov: 5759 ft: 33359 corp: 529/425Kb lim: 4096 exec/s: 65 rss: 801Mb L: 61/4096 MS: 5 InsertByte-ChangeBinInt-ChangeBinInt-ChangeByte-EraseBytes-
#15978	REDUCE cov: 5759 ft: 33359 corp: 529/425Kb lim: 4096 exec/s: 65 rss: 801Mb L: 39/4096 MS: 1 EraseBytes-
#16015	REDUCE cov: 5759 ft: 33359 corp: 529/425Kb lim: 4096 exec/s: 65 rss: 801Mb L: 375/4096 MS: 2 PersAutoDict-EraseBytes- DE: "\011\000"-
#16018	REDUCE cov: 5759 ft: 33359 corp: 529/425Kb lim: 4096 exec/s: 65 rss: 801Mb L: 172/4096 MS: 3 CrossOver-ChangeBinInt-EraseBytes-
#16050	REDUCE cov: 5759 ft: 33359 corp: 529/424Kb lim: 4096 exec/s: 66 rss: 801Mb L: 140/4096 MS: 2 ShuffleBytes-EraseBytes-
#16055	NEW    cov: 5759 ft: 33363 corp: 530/425Kb lim: 4096 exec/s: 66 rss: 801Mb L: 80/4096 MS: 5 ShuffleBytes-EraseBytes-ChangeBinInt-ShuffleBytes-CopyPart-
#16067	NEW    cov: 5759 ft: 33394 corp: 531/425Kb lim: 4096 exec/s: 65 rss: 801Mb L: 508/4096 MS: 2 InsertByte-ChangeByte-
#16104	REDUCE cov: 5759 ft: 33394 corp: 531/425Kb lim: 4096 exec/s: 66 rss: 801Mb L: 364/4096 MS: 2 EraseBytes-CrossOver-
#16161	REDUCE cov: 5759 ft: 33394 corp: 531/425Kb lim: 4096 exec/s: 62 rss: 801Mb L: 172/4096 MS: 2 ShuffleBytes-EraseBytes-
#16167	NEW    cov: 5760 ft: 33443 corp: 532/428Kb lim: 4096 exec/s: 62 rss: 801Mb L: 3070/4096 MS: 1 InsertRepeatedBytes-
#16178	REDUCE cov: 5760 ft: 33443 corp: 532/428Kb lim: 4096 exec/s: 62 rss: 801Mb L: 456/4096 MS: 1 EraseBytes-
#16196	NEW    cov: 5760 ft: 33448 corp: 533/428Kb lim: 4096 exec/s: 62 rss: 801Mb L: 654/4096 MS: 3 ChangeASCIIInt-ShuffleBytes-EraseBytes-
#16222	REDUCE cov: 5760 ft: 33472 corp: 534/431Kb lim: 4096 exec/s: 62 rss: 801Mb L: 2802/4096 MS: 1 CopyPart-
#16324	NEW    cov: 5760 ft: 33480 corp: 535/431Kb lim: 4096 exec/s: 62 rss: 801Mb L: 207/4096 MS: 2 ChangeBit-ChangeByte-
#16380	NEW    cov: 5760 ft: 33490 corp: 536/435Kb lim: 4096 exec/s: 62 rss: 801Mb L: 3932/4096 MS: 1 CopyPart-
#16384	pulse  cov: 5760 ft: 33490 corp: 536/435Kb lim: 4096 exec/s: 62 rss: 801Mb
#16427	NEW    cov: 5760 ft: 33496 corp: 537/436Kb lim: 4096 exec/s: 62 rss: 801Mb L: 1165/4096 MS: 2 ChangeByte-InsertByte-
#16495	NEW    cov: 5760 ft: 33497 corp: 538/439Kb lim: 4096 exec/s: 60 rss: 801Mb L: 2462/4096 MS: 3 ChangeBit-ChangeByte-ChangeBinInt-
#16502	REDUCE cov: 5760 ft: 33497 corp: 538/439Kb lim: 4096 exec/s: 60 rss: 801Mb L: 365/4096 MS: 2 ChangeByte-EraseBytes-
#16524	REDUCE cov: 5760 ft: 33497 corp: 538/439Kb lim: 4096 exec/s: 60 rss: 801Mb L: 220/4096 MS: 2 ChangeBit-EraseBytes-
#16530	NEW    cov: 5760 ft: 33502 corp: 539/440Kb lim: 4096 exec/s: 60 rss: 801Mb L: 1178/4096 MS: 1 EraseBytes-
#16719	NEW    cov: 5760 ft: 33506 corp: 540/440Kb lim: 4096 exec/s: 61 rss: 801Mb L: 527/4096 MS: 4 InsertRepeatedBytes-InsertByte-ShuffleBytes-CrossOver-
#16738	REDUCE cov: 5760 ft: 33506 corp: 540/440Kb lim: 4096 exec/s: 61 rss: 801Mb L: 1937/4096 MS: 4 InsertByte-ChangeBinInt-ChangeBit-EraseBytes-
#16796	REDUCE cov: 5760 ft: 33506 corp: 540/439Kb lim: 4096 exec/s: 60 rss: 801Mb L: 3109/4096 MS: 3 PersAutoDict-InsertRepeatedBytes-CrossOver- DE: "\011\000"-
#16812	NEW    cov: 5760 ft: 33508 corp: 541/442Kb lim: 4096 exec/s: 60 rss: 801Mb L: 3001/4096 MS: 1 EraseBytes-
#16814	REDUCE cov: 5760 ft: 33508 corp: 541/442Kb lim: 4096 exec/s: 60 rss: 801Mb L: 473/4096 MS: 2 PersAutoDict-EraseBytes- DE: "j\007\346\332\201\271v\000"-
#16924	NEW    cov: 5760 ft: 33510 corp: 542/442Kb lim: 4096 exec/s: 60 rss: 801Mb L: 512/4096 MS: 5 ShuffleBytes-ChangeBit-ChangeASCIIInt-CMP-CopyPart- DE: "\006\000\000\000\000\000\000\000"-
#16951	NEW    cov: 5760 ft: 33511 corp: 543/446Kb lim: 4096 exec/s: 60 rss: 801Mb L: 4052/4096 MS: 2 ChangeBinInt-ChangeByte-
#16953	REDUCE cov: 5760 ft: 33511 corp: 543/446Kb lim: 4096 exec/s: 60 rss: 801Mb L: 1453/4096 MS: 2 InsertByte-EraseBytes-
#16959	REDUCE cov: 5760 ft: 33511 corp: 543/446Kb lim: 4096 exec/s: 60 rss: 801Mb L: 341/4096 MS: 1 EraseBytes-
#16981	NEW    cov: 5761 ft: 33518 corp: 544/449Kb lim: 4096 exec/s: 60 rss: 801Mb L: 2725/4096 MS: 2 ShuffleBytes-EraseBytes-
#17004	NEW    cov: 5761 ft: 33527 corp: 545/451Kb lim: 4096 exec/s: 60 rss: 801Mb L: 2534/4096 MS: 3 ShuffleBytes-ShuffleBytes-EraseBytes-
#17008	REDUCE cov: 5761 ft: 33527 corp: 545/451Kb lim: 4096 exec/s: 60 rss: 801Mb L: 95/4096 MS: 4 ChangeByte-ChangeByte-InsertRepeatedBytes-EraseBytes-
#17022	REDUCE cov: 5761 ft: 33527 corp: 545/451Kb lim: 4096 exec/s: 60 rss: 801Mb L: 137/4096 MS: 4 ChangeBinInt-ShuffleBytes-CrossOver-EraseBytes-
#17063	REDUCE cov: 5761 ft: 33527 corp: 545/451Kb lim: 4096 exec/s: 60 rss: 801Mb L: 718/4096 MS: 1 EraseBytes-
#17104	REDUCE cov: 5761 ft: 33527 corp: 545/451Kb lim: 4096 exec/s: 60 rss: 801Mb L: 491/4096 MS: 1 EraseBytes-
#17172	REDUCE cov: 5761 ft: 33527 corp: 545/451Kb lim: 4096 exec/s: 60 rss: 801Mb L: 200/4096 MS: 3 InsertByte-ShuffleBytes-EraseBytes-
#17186	NEW    cov: 5761 ft: 33528 corp: 546/454Kb lim: 4096 exec/s: 60 rss: 801Mb L: 2930/4096 MS: 4 CrossOver-ChangeASCIIInt-InsertRepeatedBytes-InsertRepeatedBytes-
#17203	REDUCE cov: 5761 ft: 33528 corp: 546/454Kb lim: 4096 exec/s: 61 rss: 801Mb L: 508/4096 MS: 2 ShuffleBytes-EraseBytes-
#17275	REDUCE cov: 5761 ft: 33528 corp: 546/453Kb lim: 4096 exec/s: 61 rss: 801Mb L: 1019/4096 MS: 2 ChangeASCIIInt-EraseBytes-
#17306	REDUCE cov: 5761 ft: 33528 corp: 546/452Kb lim: 4096 exec/s: 61 rss: 801Mb L: 1067/4096 MS: 1 EraseBytes-
#17307	REDUCE cov: 5761 ft: 33528 corp: 546/452Kb lim: 4096 exec/s: 61 rss: 801Mb L: 538/4096 MS: 1 EraseBytes-
#17349	REDUCE cov: 5761 ft: 33528 corp: 546/452Kb lim: 4096 exec/s: 61 rss: 801Mb L: 12/4096 MS: 2 ChangeBit-EraseBytes-
#17424	REDUCE cov: 5761 ft: 33528 corp: 546/451Kb lim: 4096 exec/s: 61 rss: 801Mb L: 2025/4096 MS: 5 InsertRepeatedBytes-CopyPart-CopyPart-ChangeBinInt-CrossOver-
#17475	NEW    cov: 5761 ft: 33541 corp: 547/453Kb lim: 4096 exec/s: 61 rss: 801Mb L: 2190/4096 MS: 1 CopyPart-
#17501	REDUCE cov: 5761 ft: 33544 corp: 548/456Kb lim: 4096 exec/s: 61 rss: 801Mb L: 3605/4096 MS: 1 CopyPart-
#17667	REDUCE cov: 5761 ft: 33544 corp: 548/456Kb lim: 4096 exec/s: 61 rss: 801Mb L: 98/4096 MS: 1 EraseBytes-
#17676	REDUCE cov: 5761 ft: 33544 corp: 548/456Kb lim: 4096 exec/s: 61 rss: 801Mb L: 3580/4096 MS: 4 CopyPart-ChangeBit-ChangeBinInt-CrossOver-
#17701	REDUCE cov: 5761 ft: 33544 corp: 548/456Kb lim: 4096 exec/s: 61 rss: 801Mb L: 298/4096 MS: 5 ShuffleBytes-ChangeASCIIInt-ChangeBinInt-ChangeASCIIInt-EraseBytes-
#17717	REDUCE cov: 5761 ft: 33544 corp: 548/456Kb lim: 4096 exec/s: 61 rss: 801Mb L: 292/4096 MS: 1 EraseBytes-
#17730	NEW    cov: 5761 ft: 33555 corp: 549/460Kb lim: 4096 exec/s: 61 rss: 801Mb L: 4096/4096 MS: 3 ChangeASCIIInt-ChangeBinInt-CopyPart-
#17811	REDUCE cov: 5761 ft: 33555 corp: 549/460Kb lim: 4096 exec/s: 61 rss: 801Mb L: 163/4096 MS: 1 EraseBytes-
#17847	REDUCE cov: 5761 ft: 33555 corp: 549/459Kb lim: 4096 exec/s: 61 rss: 801Mb L: 198/4096 MS: 1 EraseBytes-
#17872	DONE   cov: 5761 ft: 33555 corp: 549/459Kb lim: 4096 exec/s: 57 rss: 801Mb
###### Recommended dictionary. ######
"\377\377\377\377" # Uses: 263
"\370\377\377\377" # Uses: 140
"\377\377\377\377\377\377\377%" # Uses: 144
"\000\000\000\000\000\000\000\000" # Uses: 137
"\011\000" # Uses: 75
"\376\377\377\371" # Uses: 84
"\001\000\000\000" # Uses: 76
"\002\000\000\000" # Uses: 68
"&\000\000\000\000\000\000\000" # Uses: 60
"\377\377\377\376" # Uses: 61
"\025\000\000\000\000\000\000\000" # Uses: 64
"\377\002" # Uses: 54
"\027\000\000\000" # Uses: 45
"\033\000\000\000\000\000\000\000" # Uses: 38
"\000\000\000\000" # Uses: 27
"j\007\346\332\201\271v\000" # Uses: 41
"\377\377\377\377\377\377\377\377" # Uses: 24
"\011\000\000\000\000\000\000\000" # Uses: 29
"\001\000\000\000\000\000\000\000" # Uses: 21
"\003\000\000\000\000\000\000\000" # Uses: 23
"\000\007" # Uses: 16
"\004\000\000\000\000\000\000\000" # Uses: 21
"\000\000\000\000\000\000\000\025" # Uses: 22
"\361R\266\002?`\000\000" # Uses: 15
"\377\377\377R" # Uses: 2
"\006\000\000\000\000\000\000\000" # Uses: 3
###### End of recommended dictionary. ######
Done 17872 runs in 309 second(s)
